        INFO: main.c(201): Compiled on Dec 28 2024 at 17:12:27
Current configuration:
[NAME]		[DEFLT]		[VALUE]
-2passvar	no		yes
-abeam		1e-100		1.000000e-90
-accumdir			/home/laurent/src/copal/model/bwaccumdir/copal_buff_1
-agc		none		none
-agcthresh	2.0		2.000000e+00
-bbeam		1e-100		1.000000e-10
-cb2mllrfn	.1cls.		.1cls.
-cepdir				/home/laurent/src/copal/model/feat
-cepext		mfc		mfc
-ceplen		13		13
-ckptintv			0
-cmn		live		batch
-cmninit	40,3,-1		40,3,-1
-ctlfn				/home/laurent/src/copal/model/etc/copal_train.fileids
-diagfull	no		no
-dictfn				/home/laurent/src/copal/model/etc/copal.dic
-example	no		no
-fdictfn			/home/laurent/src/copal/model/etc/copal.filler
-feat		1s_c_d_dd	s2_4x
-fullvar	no		no
-help		no		no
-hmmdir				
-latdir				
-latext				
-lda				
-ldadim		0		0
-lsnfn				/home/laurent/src/copal/model/etc/copal_train.transcription
-lw		11.5		1.150000e+01
-maxuttlen	0		0
-meanfn				/home/laurent/src/copal/model/model_parameters/copal.ci_semi/means
-meanreest	yes		yes
-mixwfn				/home/laurent/src/copal/model/model_parameters/copal.ci_semi/mixture_weights
-mixwreest	yes		yes
-mllrmat			
-mmie		no		no
-mmie_type	rand		rand
-moddeffn			/home/laurent/src/copal/model/model_architecture/copal.ci.mdef
-mwfloor	0.00001		1.000000e-08
-npart				1
-nskip				0
-outphsegdir			
-outputfullpath	no		no
-part				1
-pdumpdir			
-phsegdir			
-phsegext	phseg		phseg
-runlen		-1		-1
-sentdir			
-sentext	sent		sent
-spthresh	0.0		0.000000e+00
-svspec				
-timing		yes		no
-tmatfn				/home/laurent/src/copal/model/model_parameters/copal.ci_semi/transition_matrices
-tmatreest	yes		yes
-topn		4		256
-tpfloor	0.0001		1.000000e-04
-ts2cbfn			.semi.
-varfloor	0.00001		1.000000e-04
-varfn				/home/laurent/src/copal/model/model_parameters/copal.ci_semi/variances
-varnorm	no		no
-varreest	yes		yes
-viterbi	no		no

INFO: feat.c(713): Initializing feature stream to type: 's2_4x', ceplen=13, CMN='batch', VARNORM='no', AGC='none'
INFO: main.c(290): Reading /home/laurent/src/copal/model/model_architecture/copal.ci.mdef
INFO: model_def_io.c(573): Model definition info:
INFO: model_def_io.c(574): 14 total models defined (14 base, 0 tri)
INFO: model_def_io.c(575): 56 total states
INFO: model_def_io.c(576): 42 total tied states
INFO: model_def_io.c(577): 42 total tied CI states
INFO: model_def_io.c(578): 14 total tied transition matrices
INFO: model_def_io.c(579): 4 max state/model
INFO: model_def_io.c(580): 4 min state/model
INFO: s3mixw_io.c(116): Read /home/laurent/src/copal/model/model_parameters/copal.ci_semi/mixture_weights [42x4x256 array]
INFO: s3tmat_io.c(117): Read /home/laurent/src/copal/model/model_parameters/copal.ci_semi/transition_matrices [14x3x4 array]
INFO: mod_inv.c(300): inserting tprob floor 1.000000e-04 and renormalizing
INFO: s3gau_io.c(168): Read /home/laurent/src/copal/model/model_parameters/copal.ci_semi/means [1x4x256 array]
INFO: s3gau_io.c(168): Read /home/laurent/src/copal/model/model_parameters/copal.ci_semi/variances [1x4x256 array]
INFO: gauden.c(178): 1 total mgau
INFO: gauden.c(152): 4 feature streams (|0|=12 |1|=24 |2|=3 |3|=12 )
INFO: gauden.c(189): 256 total densities
INFO: gauden.c(92): min_var=1.000000e-04
INFO: gauden.c(167): compute 256 densities/frame
INFO: main.c(402): Will reestimate mixing weights.
INFO: main.c(404): Will reestimate means.
INFO: main.c(406): Will reestimate variances.
INFO: main.c(414): Will reestimate transition matrices
INFO: main.c(427): Reading main dictionary: /home/laurent/src/copal/model/etc/copal.dic
INFO: lexicon.c(220): 6 entries added from /home/laurent/src/copal/model/etc/copal.dic
INFO: main.c(437): Reading filler dictionary: /home/laurent/src/copal/model/etc/copal.filler
INFO: lexicon.c(220): 3 entries added from /home/laurent/src/copal/model/etc/copal.filler
INFO: corpus.c(1063): Will process all remaining utts starting at 0
INFO: main.c(636): Reestimation: Baum-Welch
INFO: cmn.c(133): CMN: 60.84 16.13 -15.74 12.61 -33.51 -1.42  2.90 -14.41 10.54 -22.39 20.34 -8.08 -12.13 
column defns
	<seq>
	<id>
	<n_frame_in>
	<n_frame_del>
	<n_state_shmm>
	<avg_states_alpha>
	<avg_states_beta>
	<avg_states_reest>
	<avg_posterior_prune>
	<frame_log_lik>
	<utt_log_lik>
	... timing info ... 
utt>     0              copalidle-01  134    0INFO: cvt2triphone.c(199): no multiphones defined, no conversion done
    44 30  6 12 1.255824e-11 -1.856838e+02 -2.488163e+04
INFO: cmn.c(133): CMN: 58.86 16.63 -17.72 11.83 -31.41 -4.56  5.76 -15.17 10.36 -18.90 16.47  0.54 -15.94 
utt>     1              copalidle-02  145    0    44 29  6 12 1.078396e-11 -1.856364e+02 -2.691728e+04
INFO: cmn.c(133): CMN: 59.86 15.86 -19.44 12.92 -33.04 -2.52  5.05 -14.46 14.43 -20.15 18.98 -0.82 -16.49 
utt>     2              copalidle-03  142    0    44 29  5 11 1.193507e-11 -1.823886e+02 -2.589918e+04
INFO: cmn.c(133): CMN: 60.34 16.94 -18.88 13.15 -30.21  0.76  4.15 -19.46 12.41 -20.66 16.67  1.90 -16.73 
utt>     3              copalidle-04  145    0    44 30  5 11 1.120420e-11 -1.828010e+02 -2.650614e+04
INFO: cmn.c(133): CMN: 61.27 16.20 -20.60 11.23 -33.54 -1.92  4.97 -19.62 14.24 -23.32 18.57  0.79 -14.94 
utt>     4              copalidle-05  134    0    44 30  6 12 8.770577e-12 -1.827690e+02 -2.449104e+04
INFO: cmn.c(133): CMN: 63.37 16.58 -20.59 11.83 -32.40 -0.69  6.92 -21.41 13.20 -22.34 21.45 -4.12 -17.73 
utt>     5              copalidle-06  133    0    44 30  6 12 8.623848e-12 -1.830122e+02 -2.434063e+04
INFO: cmn.c(133): CMN: 61.57 15.75 -19.88 11.15 -31.88 -2.38  6.55 -19.76  8.91 -19.32 21.72 -2.92 -16.20 
utt>     6              copalidle-07  142    0    44 30  6 11 1.101692e-11 -1.823954e+02 -2.590015e+04
INFO: cmn.c(133): CMN: 61.90 16.34 -20.23 13.11 -31.27 -1.29  6.76 -21.90  9.64 -15.80 20.06 -2.28 -15.20 
utt>     7              copalidle-08  141    0    44 30  6 12 1.074091e-11 -1.813513e+02 -2.557054e+04
INFO: cmn.c(133): CMN: 61.65 15.17 -21.14 12.35 -31.81 -0.12  5.27 -17.72  9.34 -17.20 19.17 -3.04 -14.14 
utt>     8              copalidle-09  145    0    44 30  6 11 8.826262e-12 -1.813825e+02 -2.630046e+04
INFO: cmn.c(133): CMN: 60.24 14.13 -20.25 11.16 -31.89  0.80  7.89 -16.88 11.46 -13.01 17.07  0.55 -15.42 
utt>     9              copalidle-10  142    0    44 31  6 11 1.207304e-11 -1.821707e+02 -2.586824e+04
INFO: cmn.c(133): CMN: 61.04 18.83 -19.94 13.74 -35.05 -5.28  8.17 -9.88 10.76 -21.57 16.26  8.50 -6.59 
utt>    10              copalidle-11  136    0    44 31  6 12 1.164420e-11 -1.854015e+02 -2.521460e+04
INFO: cmn.c(133): CMN: 56.87 11.89 -9.83 15.90 -18.68 -4.82  1.23 -14.81  1.02 -21.13 12.66 -5.30 -7.71 
utt>    11              copalexit-01  148    0    48 32  6 12 1.020362e-11 -1.837621e+02 -2.719678e+04
INFO: cmn.c(133): CMN: 56.17 13.16 -8.84 12.42 -16.60 -4.20  5.07 -13.06  1.26 -14.26 13.67 -3.83 -6.62 
utt>    12              copalexit-02  145    0    48 31  6 12 7.285149e-12 -1.814902e+02 -2.631608e+04
INFO: cmn.c(133): CMN: 56.55 12.83 -9.72 15.24 -18.23 -4.89  4.29 -11.94  5.44 -20.17 11.82 -4.59 -9.70 
utt>    13              copalexit-03  150    0    48 31  6 12 1.107883e-11 -1.817287e+02 -2.725930e+04
INFO: cmn.c(133): CMN: 57.23 13.35 -9.62 14.68 -18.65 -4.58  3.22 -15.09  7.37 -18.59 12.05 -2.75 -9.29 
utt>    14              copalexit-04  144    0    48 32  6 12 1.046091e-11 -1.826008e+02 -2.629452e+04
INFO: cmn.c(133): CMN: 57.30 12.01 -9.73 15.15 -18.74 -5.87  6.40 -13.58  7.66 -19.63 11.85 -2.40 -10.07 
utt>    15              copalexit-05  147    0    48 31  6 12 1.012051e-11 -1.831561e+02 -2.692394e+04
INFO: cmn.c(133): CMN: 58.92 12.57 -9.37 16.25 -20.03 -3.43  0.61 -17.74  7.61 -22.79 13.23 -3.06 -10.64 
utt>    16              copalexit-06  135    0    48 31  6 13 9.096480e-12 -1.827826e+02 -2.467565e+04
INFO: cmn.c(133): CMN: 58.47 11.99 -10.46 16.77 -19.99 -3.80  0.87 -16.27  4.03 -21.05 13.04 -5.57 -10.43 
utt>    17              copalexit-07  142    0    48 31  6 12 1.062641e-11 -1.825657e+02 -2.592433e+04
INFO: cmn.c(133): CMN: 57.29 12.10 -8.70 15.01 -17.52 -6.35  3.69 -11.10  5.95 -19.10 13.54 -2.84 -11.22 
utt>    18              copalexit-08  148    0    48 31  6 12 1.033074e-11 -1.823898e+02 -2.699369e+04
INFO: cmn.c(133): CMN: 58.40 10.65 -11.47 16.14 -19.59 -4.98  1.12 -15.28  4.22 -19.68 14.60 -3.74 -10.07 
utt>    19              copalexit-09  149    0    48 32  6 12 9.243424e-12 -1.813970e+02 -2.702815e+04
INFO: cmn.c(133): CMN: 58.14 10.74 -12.97 18.73 -19.83 -4.67 -0.95 -12.95  8.14 -22.11 17.01  2.18 -7.25 
utt>    20              copalexit-10  141    0    48 31  6 13 7.505590e-12 -1.872540e+02 -2.640282e+04
INFO: cmn.c(133): CMN: 61.03 12.44 -18.20 15.68 -24.54 -1.40  1.56 -15.68  3.33 -18.98 20.56 -3.67 -11.50 
utt>    21              copalplay-01  137    0    40 29  7 14 1.336410e-11 -1.843457e+02 -2.525536e+04
INFO: cmn.c(133): CMN: 61.51 11.23 -18.90 14.50 -23.74 -5.26  4.45 -19.17  6.80 -18.94 22.27  3.81 -18.72 
utt>    22              copalplay-02  130    0    40 29  7 13 1.369365e-11 -1.818299e+02 -2.363789e+04
INFO: cmn.c(133): CMN: 61.14 12.21 -19.12 11.78 -24.11 -2.77  2.62 -17.13  5.55 -20.46 25.38  1.84 -15.26 
utt>    23              copalplay-03  137    0    40 29  6 13 9.364926e-12 -1.827299e+02 -2.503399e+04
INFO: cmn.c(133): CMN: 61.93 11.19 -18.24 15.84 -22.27 -0.54  5.19 -17.80  7.73 -23.87 20.56 -0.68 -19.61 
utt>    24              copalplay-04  134    0    40 29  6 13 1.316344e-11 -1.809583e+02 -2.424842e+04
INFO: cmn.c(133): CMN: 61.28 10.52 -16.74 16.59 -25.20 -1.08 -0.45 -19.36 11.09 -23.16 23.51  2.83 -16.41 
utt>    25              copalplay-05  133    0    40 29  6 13 1.188992e-11 -1.810170e+02 -2.407526e+04
INFO: cmn.c(133): CMN: 63.46 10.63 -19.64 18.32 -26.75 -0.98  0.57 -19.70  9.03 -25.58 25.03 -0.36 -16.52 
utt>    26              copalplay-06  131    0    40 29  7 14 1.565480e-11 -1.826985e+02 -2.393350e+04
INFO: cmn.c(133): CMN: 64.37 11.69 -20.66 17.77 -26.68 -4.05  2.09 -19.11  9.08 -23.34 21.91  1.35 -18.58 
utt>    27              copalplay-07  127    0    40 28  6 13 1.388904e-11 -1.837936e+02 -2.334178e+04
INFO: cmn.c(133): CMN: 63.76 12.05 -19.69 16.30 -26.75 -1.03  1.93 -18.10 12.30 -21.47 23.52 -0.42 -17.05 
utt>    28              copalplay-08  128    0    40 29  7 14 1.333825e-11 -1.828284e+02 -2.340203e+04
INFO: cmn.c(133): CMN: 61.70 12.29 -18.12 14.92 -25.44 -0.47  2.67 -18.04  8.01 -20.07 19.64  0.86 -14.92 
utt>    29              copalplay-09  128    0    40 29  6 13 1.617262e-11 -1.832192e+02 -2.345206e+04
INFO: cmn.c(133): CMN: 62.77 13.81 -19.84 12.74 -24.98  0.76  1.12 -16.48  9.71 -22.40 20.78  0.12 -17.32 
utt>    30              copalplay-10  127    0    40 29  6 13 1.886918e-11 -1.816890e+02 -2.307450e+04
INFO: cmn.c(133): CMN: 61.61 12.36 -19.68 14.80 -23.18 -0.03  3.04 -17.89  5.37 -18.20 22.48  1.71 -19.73 
utt>    31              copalplay-11  133    0    40 29  6 13 1.696548e-11 -1.827188e+02 -2.430160e+04
INFO: cmn.c(133): CMN: 61.74 14.53 -21.62 20.52 -26.29 -6.38 -3.02 -12.84  5.99 -22.28  9.75  2.53 -5.12 
utt>    32              copalplay-12  124    0    40 29  7 14 1.167056e-11 -1.871985e+02 -2.321262e+04
INFO: cmn.c(133): CMN: 59.07 15.68 -11.00 10.98 -24.02 -5.43  9.59 -17.84  3.47 -11.68 15.47  0.33 -15.08 
utt>    33             copalzelda-01  142    0    48 33  6 13 1.108650e-11 -1.828624e+02 -2.596647e+04
INFO: cmn.c(133): CMN: 59.47 14.19 -11.33 10.23 -26.71 -1.78  8.42 -19.34  5.18 -11.03 14.47  0.19 -13.78 
utt>    34             copalzelda-02  145    0    48 32  6 13 1.139996e-11 -1.834640e+02 -2.660228e+04
INFO: cmn.c(133): CMN: 58.58 14.27 -11.10  7.61 -24.06 -3.49  8.57 -15.72  7.52 -11.55 16.96  0.45 -16.72 
utt>    35             copalzelda-03  157    0    48 33  6 13 9.730486e-12 -1.841433e+02 -2.891049e+04
INFO: cmn.c(133): CMN: 58.13 16.45 -11.88  9.95 -24.37 -2.93  6.68 -17.02  4.59 -12.95 13.40 -2.51 -18.82 
utt>    36             copalzelda-04  156    0    48 33  6 13 1.309651e-11 -1.838047e+02 -2.867353e+04
INFO: cmn.c(133): CMN: 60.88 14.22 -12.78 11.96 -26.41 -4.94  9.09 -20.10  4.74 -13.89 15.27 -0.47 -20.26 
utt>    37             copalzelda-05  141    0    48 33  6 13 1.376927e-11 -1.842799e+02 -2.598347e+04
INFO: cmn.c(133): CMN: 59.63 13.71 -11.40 11.61 -24.19 -4.58  9.70 -20.67  0.73 -13.09 10.65 -2.41 -21.14 
utt>    38             copalzelda-06  142    0    48 34  7 14 1.243931e-11 -1.827579e+02 -2.595162e+04
INFO: cmn.c(133): CMN: 60.26 13.35 -14.02 11.38 -29.30 -2.71  9.06 -20.77  6.83 -11.19 12.70  2.38 -23.07 
utt>    39             copalzelda-07  161    0    48 33  7 13 1.250261e-11 -1.829642e+02 -2.945723e+04
INFO: cmn.c(133): CMN: 59.44 14.62 -11.79  9.61 -24.29 -5.61  9.35 -18.86  4.79 -10.72 11.72 -1.08 -21.06 
utt>    40             copalzelda-08  150    0    48 33  7 13 1.196416e-11 -1.821269e+02 -2.731904e+04
INFO: cmn.c(133): CMN: 61.08 13.24 -13.65 11.07 -26.11 -2.82  6.89 -23.89  9.03 -11.24 11.57  1.84 -20.97 
utt>    41             copalzelda-09  148    0    48 34  6 13 1.432215e-11 -1.822047e+02 -2.696630e+04
INFO: cmn.c(133): CMN: 59.94 13.40 -13.07  8.99 -27.36 -5.87  5.40 -16.69  5.21 -11.88 11.82  4.59 -19.62 
utt>    42             copalzelda-10  154    0    48 34  6 13 1.414465e-11 -1.836119e+02 -2.827623e+04
INFO: cmn.c(133): CMN: 62.06 14.88 -16.54 13.86 -28.00 -5.40  9.89 -17.10  8.35 -17.91 16.23  2.37 -6.03 
utt>    43             copalzelda-11  140    0    48 33  7 13 1.486495e-11 -1.863013e+02 -2.608218e+04
INFO: cmn.c(133): CMN: 58.62 19.63 -12.52 10.38 -29.84  1.35  2.43 -17.40 12.65 -19.28  2.70  4.43 -13.58 
utt>    44          copalrickroll-01  135    0    52 33  6 13 9.946082e-12 -1.805466e+02 -2.437379e+04
INFO: cmn.c(133): CMN: 58.81 20.30 -13.87 10.90 -29.79  0.06  5.02 -20.10 10.40 -22.34  2.24 10.48 -13.08 
utt>    45          copalrickroll-02  135    0    52 33  6 13 1.029692e-11 -1.817042e+02 -2.453006e+04
INFO: cmn.c(133): CMN: 59.49 21.02 -14.08 14.23 -30.47 -1.29  2.91 -20.74  9.74 -23.72 -0.26  7.48 -16.76 
utt>    46          copalrickroll-03  134    0    52 32  6 13 9.547266e-12 -1.827501e+02 -2.448851e+04
INFO: cmn.c(133): CMN: 58.17 20.34 -14.45  9.34 -28.70  1.08  4.63 -20.29  8.47 -21.84 -1.42  6.77 -14.56 
utt>    47          copalrickroll-04  135    0    52 33  6 13 1.215830e-11 -1.823246e+02 -2.461383e+04
INFO: cmn.c(133): CMN: 59.66 20.64 -15.26 10.98 -31.52  1.76  1.70 -20.12 11.55 -21.06  3.37  8.63 -12.69 
utt>    48          copalrickroll-05  133    0    52 32  6 13 1.067693e-11 -1.809331e+02 -2.406410e+04
INFO: cmn.c(133): CMN: 58.91 20.50 -13.21 11.67 -30.86 -0.86  3.70 -19.33 11.39 -17.81  1.83  5.55 -15.95 
utt>    49          copalrickroll-06  141    0    52 32  6 13 1.029130e-11 -1.820423e+02 -2.566797e+04
INFO: cmn.c(133): CMN: 59.18 19.69 -14.86 11.80 -29.75  0.88  3.63 -19.99 11.75 -19.40  3.05  8.78 -14.45 
utt>    50          copalrickroll-07  138    0    52 32  6 13 1.140827e-11 -1.805526e+02 -2.491626e+04
INFO: cmn.c(133): CMN: 58.98 20.02 -13.53 11.64 -28.05  2.07  1.66 -19.13 14.88 -21.57  4.75  6.61 -18.37 
utt>    51          copalrickroll-08  141    0    52 33  6 13 1.106530e-11 -1.809679e+02 -2.551647e+04
INFO: cmn.c(133): CMN: 59.03 20.64 -14.54 11.84 -29.51  2.09  4.67 -21.60 12.83 -20.66  1.21  9.03 -15.35 
utt>    52          copalrickroll-09  144    0    52 33  6 13 1.176126e-11 -1.813964e+02 -2.612109e+04
INFO: cmn.c(133): CMN: 58.78 20.24 -12.20 11.27 -30.09  0.18  4.07 -22.52 12.08 -18.64  4.30  5.89 -16.44 
utt>    53          copalrickroll-10  142    0    52 33  6 13 1.186459e-11 -1.815694e+02 -2.578285e+04
INFO: cmn.c(133): CMN: 58.86 20.57 -14.32 12.02 -29.62 -1.37  1.82 -19.59  7.07 -19.97  4.67  5.69 -13.08 
utt>    54          copalrickroll-11  138    0    52 33  6 13 1.132438e-11 -1.825219e+02 -2.518803e+04
INFO: cmn.c(133): CMN: 57.16 19.44 -13.67  9.33 -30.26  0.47  0.41 -19.85  8.11 -19.77  3.74  6.02 -11.58 
utt>    55          copalrickroll-12  143    0    52 32  6 13 9.763620e-12 -1.808595e+02 -2.586291e+04
INFO: cmn.c(133): CMN: 58.24 18.68 -14.89 14.12 -26.82 -0.96  1.92 -10.18  9.62 -20.18  1.59  5.17 -4.45 
utt>    56          copalrickroll-13  151    0    52 34  6 13 1.312338e-11 -1.867309e+02 -2.819636e+04
overall> stats 8003 (-0) -1.828546e+02 -1.463385e+06

INFO: s3mixw_io.c(232): Wrote /home/laurent/src/copal/model/bwaccumdir/copal_buff_1/mixw_counts [42x4x256 array]
INFO: s3tmat_io.c(175): Wrote /home/laurent/src/copal/model/bwaccumdir/copal_buff_1/tmat_counts [14x3x4 array]
INFO: s3gau_io.c(480): Wrote /home/laurent/src/copal/model/bwaccumdir/copal_buff_1/gauden_counts with means with vars (2pass) [1x4x256 vector arrays]
INFO: main.c(971): Counts saved to /home/laurent/src/copal/model/bwaccumdir/copal_buff_1
Sat Dec 28 22:00:47 2024
