Current configuration:
[NAME]		[DEFLT]	[VALUE]
-accumdir		/home/laurent/src/copal/model/bwaccumdir/copal_buff_1,
-constE		3.0	3.000000e+00
-dcountfn		
-example	no	no
-fullvar	no	no
-help		no	no
-inmeanfn		
-inmixwfn		
-invarfn		
-meanfn			/home/laurent/src/copal/model/model_parameters/copal.ci_semi/means
-mixwfn			/home/laurent/src/copal/model/model_parameters/copal.ci_semi/mixture_weights
-mmie		no	no
-oaccumdir		
-regmatfn		
-tiedvar	no	no
-tmatfn			/home/laurent/src/copal/model/model_parameters/copal.ci_semi/transition_matrices
-varfn			/home/laurent/src/copal/model/model_parameters/copal.ci_semi/variances

INFO: main.c(207): Reading and accumulating counts from /home/laurent/src/copal/model/bwaccumdir/copal_buff_1
INFO: s3mixw_io.c(116): Read /home/laurent/src/copal/model/bwaccumdir/copal_buff_1/mixw_counts [42x4x256 array]
INFO: s3tmat_io.c(117): Read /home/laurent/src/copal/model/bwaccumdir/copal_buff_1/tmat_counts [14x3x4 array]
INFO: s3gau_io.c(381): Read /home/laurent/src/copal/model/bwaccumdir/copal_buff_1/gauden_counts with means with vars [1x4x256 vector arrays]
INFO: main.c(390): Normalizing mean for n_mgau= 1, n_stream= 4, n_density= 256
INFO: main.c(414): Normalizing var
ERROR: "gauden.c", line 1679: Variance (mgau= 0, feat= 3, density=94, component=6) is less then 0. Most probably the number of senones is too high for such a small training database. Use smaller $CFG_N_TIED_STATES.
ERROR: "gauden.c", line 1679: Variance (mgau= 0, feat= 3, density=94, component=7) is less then 0. Most probably the number of senones is too high for such a small training database. Use smaller $CFG_N_TIED_STATES.
INFO: s3mixw_io.c(232): Wrote /home/laurent/src/copal/model/model_parameters/copal.ci_semi/mixture_weights [42x4x256 array]
INFO: s3tmat_io.c(175): Wrote /home/laurent/src/copal/model/model_parameters/copal.ci_semi/transition_matrices [14x3x4 array]
INFO: s3gau_io.c(228): Wrote /home/laurent/src/copal/model/model_parameters/copal.ci_semi/means [1x4x256 array]
INFO: s3gau_io.c(228): Wrote /home/laurent/src/copal/model/model_parameters/copal.ci_semi/variances [1x4x256 array]
Sat Dec 28 22:00:37 2024
Current Overall Likelihood Per Frame = -196.977758340622
