Current configuration:
[NAME]		[DEFLT]	[VALUE]
-example	no	no
-help		no	no
-mixwfn			/home/laurent/src/copal/model/model_parameters/copal.ci_semi_flatinitial/mixture_weights
-moddeffn		/home/laurent/src/copal/model/model_architecture/copal.ci.mdef
-ndensity	256	256
-nstream	4	4
-tmatfn			/home/laurent/src/copal/model/model_parameters/copal.ci_semi_flatinitial/transition_matrices
-topo			/home/laurent/src/copal/model/model_architecture/copal.topology

INFO: model_def_io.c(573): Model definition info:
INFO: model_def_io.c(574): 14 total models defined (14 base, 0 tri)
INFO: model_def_io.c(575): 56 total states
INFO: model_def_io.c(576): 42 total tied states
INFO: model_def_io.c(577): 42 total tied CI states
INFO: model_def_io.c(578): 14 total tied transition matrices
INFO: model_def_io.c(579): 4 max state/model
INFO: model_def_io.c(580): 4 min state/model
INFO: s3tmat_io.c(175): Wrote /home/laurent/src/copal/model/model_parameters/copal.ci_semi_flatinitial/transition_matrices [14x3x4 array]
INFO: s3mixw_io.c(232): Wrote /home/laurent/src/copal/model/model_parameters/copal.ci_semi_flatinitial/mixture_weights [42x4x256 array]
/home/laurent/src/sphinxtrain/src/programs/mk_flat/main.c(83): Reading model definition file /home/laurent/src/copal/model/model_architecture/copal.ci.mdef
/home/laurent/src/sphinxtrain/src/programs/mk_flat/main.c(90): 14 models defined
Sat Dec 28 22:00:20 2024
