Current configuration:
[NAME]		[DEFLT]		[VALUE]
-agc		none		none
-agcthresh	2.0		2.000000e+00
-cachesz	200		200
-cb2mllrfn	.1cls.		.1cls.
-cepdir				/home/laurent/src/copal/model/feat
-cepext		mfc		mfc
-ceplen		13		13
-cmn		live		batch
-cmninit	40,3,-1		40,3,-1
-cntfn				
-ctlfn				/home/laurent/src/copal/model/etc/copal_train.fileids
-dictfn				
-example	no		no
-fdictfn			
-feat		1s_c_d_dd	s2_4x
-help		no		no
-lda				
-ldadim		0		0
-lsnfn				
-mllrctlfn			
-mllrdir			
-moddeffn			
-npart				0
-nskip		0		0
-part				0
-runlen		-1		-1
-segdir				
-segdmpdirs			/home/laurent/src/copal/model/bwaccumdir/copal_buff_1,
-segdmpfn			/home/laurent/src/copal/model/bwaccumdir/copal_buff_1/copal.dmp
-segext		v8_seg		v8_seg
-segidxfn			
-segtype	st		all
-sentdir			
-sentext			
-stride		1		1
-svspec				
-ts2cbfn			
-varnorm	no		no

INFO: main.c(169): No lexical transcripts provided
INFO: feat.c(713): Initializing feature stream to type: 's2_4x', ceplen=13, CMN='batch', VARNORM='no', AGC='none'
INFO: corpus.c(1063): Will process all remaining utts starting at 0
INFO: main.c(288): Will produce feature dump
INFO: main.c(427): Writing frames to one file
INFO: agg_all_seg.c(129): [0]
INFO: cmn.c(133): CMN: 60.84 16.13 -15.74 12.61 -33.51 -1.42  2.90 -14.41 10.54 -22.39 20.34 -8.08 -12.13 
INFO: cmn.c(133): CMN: 58.86 16.63 -17.72 11.83 -31.41 -4.56  5.76 -15.17 10.36 -18.90 16.47  0.54 -15.94 
INFO: cmn.c(133): CMN: 59.86 15.86 -19.44 12.92 -33.04 -2.52  5.05 -14.46 14.43 -20.15 18.98 -0.82 -16.49 
INFO: cmn.c(133): CMN: 60.34 16.94 -18.88 13.15 -30.21  0.76  4.15 -19.46 12.41 -20.66 16.67  1.90 -16.73 
INFO: cmn.c(133): CMN: 61.27 16.20 -20.60 11.23 -33.54 -1.92  4.97 -19.62 14.24 -23.32 18.57  0.79 -14.94 
INFO: cmn.c(133): CMN: 63.37 16.58 -20.59 11.83 -32.40 -0.69  6.92 -21.41 13.20 -22.34 21.45 -4.12 -17.73 
INFO: cmn.c(133): CMN: 61.57 15.75 -19.88 11.15 -31.88 -2.38  6.55 -19.76  8.91 -19.32 21.72 -2.92 -16.20 
INFO: cmn.c(133): CMN: 61.90 16.34 -20.23 13.11 -31.27 -1.29  6.76 -21.90  9.64 -15.80 20.06 -2.28 -15.20 
INFO: cmn.c(133): CMN: 61.65 15.17 -21.14 12.35 -31.81 -0.12  5.27 -17.72  9.34 -17.20 19.17 -3.04 -14.14 
INFO: cmn.c(133): CMN: 60.24 14.13 -20.25 11.16 -31.89  0.80  7.89 -16.88 11.46 -13.01 17.07  0.55 -15.42 
INFO: cmn.c(133): CMN: 61.04 18.83 -19.94 13.74 -35.05 -5.28  8.17 -9.88 10.76 -21.57 16.26  8.50 -6.59 
INFO: cmn.c(133): CMN: 56.87 11.89 -9.83 15.90 -18.68 -4.82  1.23 -14.81  1.02 -21.13 12.66 -5.30 -7.71 
INFO: cmn.c(133): CMN: 56.17 13.16 -8.84 12.42 -16.60 -4.20  5.07 -13.06  1.26 -14.26 13.67 -3.83 -6.62 
INFO: cmn.c(133): CMN: 56.55 12.83 -9.72 15.24 -18.23 -4.89  4.29 -11.94  5.44 -20.17 11.82 -4.59 -9.70 
INFO: cmn.c(133): CMN: 57.23 13.35 -9.62 14.68 -18.65 -4.58  3.22 -15.09  7.37 -18.59 12.05 -2.75 -9.29 
INFO: cmn.c(133): CMN: 57.30 12.01 -9.73 15.15 -18.74 -5.87  6.40 -13.58  7.66 -19.63 11.85 -2.40 -10.07 
INFO: cmn.c(133): CMN: 58.92 12.57 -9.37 16.25 -20.03 -3.43  0.61 -17.74  7.61 -22.79 13.23 -3.06 -10.64 
INFO: cmn.c(133): CMN: 58.47 11.99 -10.46 16.77 -19.99 -3.80  0.87 -16.27  4.03 -21.05 13.04 -5.57 -10.43 
INFO: cmn.c(133): CMN: 57.29 12.10 -8.70 15.01 -17.52 -6.35  3.69 -11.10  5.95 -19.10 13.54 -2.84 -11.22 
INFO: cmn.c(133): CMN: 58.40 10.65 -11.47 16.14 -19.59 -4.98  1.12 -15.28  4.22 -19.68 14.60 -3.74 -10.07 
INFO: cmn.c(133): CMN: 58.14 10.74 -12.97 18.73 -19.83 -4.67 -0.95 -12.95  8.14 -22.11 17.01  2.18 -7.25 
INFO: cmn.c(133): CMN: 61.03 12.44 -18.20 15.68 -24.54 -1.40  1.56 -15.68  3.33 -18.98 20.56 -3.67 -11.50 
INFO: cmn.c(133): CMN: 61.51 11.23 -18.90 14.50 -23.74 -5.26  4.45 -19.17  6.80 -18.94 22.27  3.81 -18.72 
INFO: cmn.c(133): CMN: 61.14 12.21 -19.12 11.78 -24.11 -2.77  2.62 -17.13  5.55 -20.46 25.38  1.84 -15.26 
INFO: cmn.c(133): CMN: 61.93 11.19 -18.24 15.84 -22.27 -0.54  5.19 -17.80  7.73 -23.87 20.56 -0.68 -19.61 
INFO: cmn.c(133): CMN: 61.28 10.52 -16.74 16.59 -25.20 -1.08 -0.45 -19.36 11.09 -23.16 23.51  2.83 -16.41 
INFO: cmn.c(133): CMN: 63.46 10.63 -19.64 18.32 -26.75 -0.98  0.57 -19.70  9.03 -25.58 25.03 -0.36 -16.52 
INFO: cmn.c(133): CMN: 64.37 11.69 -20.66 17.77 -26.68 -4.05  2.09 -19.11  9.08 -23.34 21.91  1.35 -18.58 
INFO: cmn.c(133): CMN: 63.76 12.05 -19.69 16.30 -26.75 -1.03  1.93 -18.10 12.30 -21.47 23.52 -0.42 -17.05 
INFO: cmn.c(133): CMN: 61.70 12.29 -18.12 14.92 -25.44 -0.47  2.67 -18.04  8.01 -20.07 19.64  0.86 -14.92 
INFO: cmn.c(133): CMN: 62.77 13.81 -19.84 12.74 -24.98  0.76  1.12 -16.48  9.71 -22.40 20.78  0.12 -17.32 
INFO: cmn.c(133): CMN: 61.61 12.36 -19.68 14.80 -23.18 -0.03  3.04 -17.89  5.37 -18.20 22.48  1.71 -19.73 
INFO: cmn.c(133): CMN: 61.74 14.53 -21.62 20.52 -26.29 -6.38 -3.02 -12.84  5.99 -22.28  9.75  2.53 -5.12 
INFO: cmn.c(133): CMN: 59.07 15.68 -11.00 10.98 -24.02 -5.43  9.59 -17.84  3.47 -11.68 15.47  0.33 -15.08 
INFO: cmn.c(133): CMN: 59.47 14.19 -11.33 10.23 -26.71 -1.78  8.42 -19.34  5.18 -11.03 14.47  0.19 -13.78 
INFO: cmn.c(133): CMN: 58.58 14.27 -11.10  7.61 -24.06 -3.49  8.57 -15.72  7.52 -11.55 16.96  0.45 -16.72 
INFO: cmn.c(133): CMN: 58.13 16.45 -11.88  9.95 -24.37 -2.93  6.68 -17.02  4.59 -12.95 13.40 -2.51 -18.82 
INFO: cmn.c(133): CMN: 60.88 14.22 -12.78 11.96 -26.41 -4.94  9.09 -20.10  4.74 -13.89 15.27 -0.47 -20.26 
INFO: cmn.c(133): CMN: 59.63 13.71 -11.40 11.61 -24.19 -4.58  9.70 -20.67  0.73 -13.09 10.65 -2.41 -21.14 
INFO: cmn.c(133): CMN: 60.26 13.35 -14.02 11.38 -29.30 -2.71  9.06 -20.77  6.83 -11.19 12.70  2.38 -23.07 
INFO: cmn.c(133): CMN: 59.44 14.62 -11.79  9.61 -24.29 -5.61  9.35 -18.86  4.79 -10.72 11.72 -1.08 -21.06 
INFO: cmn.c(133): CMN: 61.08 13.24 -13.65 11.07 -26.11 -2.82  6.89 -23.89  9.03 -11.24 11.57  1.84 -20.97 
INFO: cmn.c(133): CMN: 59.94 13.40 -13.07  8.99 -27.36 -5.87  5.40 -16.69  5.21 -11.88 11.82  4.59 -19.62 
INFO: cmn.c(133): CMN: 62.06 14.88 -16.54 13.86 -28.00 -5.40  9.89 -17.10  8.35 -17.91 16.23  2.37 -6.03 
INFO: cmn.c(133): CMN: 58.62 19.63 -12.52 10.38 -29.84  1.35  2.43 -17.40 12.65 -19.28  2.70  4.43 -13.58 
INFO: cmn.c(133): CMN: 58.81 20.30 -13.87 10.90 -29.79  0.06  5.02 -20.10 10.40 -22.34  2.24 10.48 -13.08 
INFO: cmn.c(133): CMN: 59.49 21.02 -14.08 14.23 -30.47 -1.29  2.91 -20.74  9.74 -23.72 -0.26  7.48 -16.76 
INFO: cmn.c(133): CMN: 58.17 20.34 -14.45  9.34 -28.70  1.08  4.63 -20.29  8.47 -21.84 -1.42  6.77 -14.56 
INFO: cmn.c(133): CMN: 59.66 20.64 -15.26 10.98 -31.52  1.76  1.70 -20.12 11.55 -21.06  3.37  8.63 -12.69 
INFO: cmn.c(133): CMN: 58.91 20.50 -13.21 11.67 -30.86 -0.86  3.70 -19.33 11.39 -17.81  1.83  5.55 -15.95 
INFO: cmn.c(133): CMN: 59.18 19.69 -14.86 11.80 -29.75  0.88  3.63 -19.99 11.75 -19.40  3.05  8.78 -14.45 
INFO: cmn.c(133): CMN: 58.98 20.02 -13.53 11.64 -28.05  2.07  1.66 -19.13 14.88 -21.57  4.75  6.61 -18.37 
INFO: cmn.c(133): CMN: 59.03 20.64 -14.54 11.84 -29.51  2.09  4.67 -21.60 12.83 -20.66  1.21  9.03 -15.35 
INFO: cmn.c(133): CMN: 58.78 20.24 -12.20 11.27 -30.09  0.18  4.07 -22.52 12.08 -18.64  4.30  5.89 -16.44 
INFO: cmn.c(133): CMN: 58.86 20.57 -14.32 12.02 -29.62 -1.37  1.82 -19.59  7.07 -19.97  4.67  5.69 -13.08 
INFO: cmn.c(133): CMN: 57.16 19.44 -13.67  9.33 -30.26  0.47  0.41 -19.85  8.11 -19.77  3.74  6.02 -11.58 
INFO: cmn.c(133): CMN: 58.24 18.68 -14.89 14.12 -26.82 -0.96  1.92 -10.18  9.62 -20.18  1.59  5.17 -4.45 
INFO: agg_all_seg.c(180): Wrote 7547 frames to /home/laurent/src/copal/model/bwaccumdir/copal_buff_1/copal.dmp
Sat Dec 28 21:59:57 2024
