        INFO: pocketsphinx.c(128): Parsed model-specific feature parameters from /home/laurent/src/copal/new-model/model_parameters/copal.ci_semi/feat.params
INFO: cmd_ln.c(569): Current configuration:
[NAME]            [DEFLT]               [VALUE]
-agc               none                  none
-agcthresh         2.0                   2.000000e+00
-allphone                            
-allphone_ci       yes                   yes
-alpha             0.97                  9.700000e-01
-ascale            20.0                  2.000000e+01
-aw                1                     1
-backtrace         no                    no
-beam              1e-48                 1.000000e-80
-bestpath          yes                   yes
-bestpathlw        9.5                   1.000000e+01
-ceplen            13                    13
-cmn               live                  batch
-cmninit           40,3,-1               40,3,-1
-compallsen        no                    no
-dict                                    /home/laurent/src/copal/new-model/etc/copal.dic
-dictcase          no                    no
-dither            no                    no
-doublebw          no                    no
-ds                1                     1
-fdict                                   /home/laurent/src/copal/new-model/model_parameters/copal.ci_semi/noisedict
-feat              1s_c_d_dd             s2_4x
-featparams                              /home/laurent/src/copal/new-model/model_parameters/copal.ci_semi/feat.params
-fillprob          1e-8                  1.000000e-08
-frate             100                   100
-fsg                                 
-fsgusealtpron     yes                   yes
-fsgusefiller      yes                   yes
-fwdflat           yes                   yes
-fwdflatbeam       1e-64                 1.000000e-80
-fwdflatefwid      4                     4
-fwdflatlw         8.5                   1.000000e+01
-fwdflatsfwin      25                    25
-fwdflatwbeam      7e-29                 1.000000e-40
-fwdtree           yes                   yes
-hmm                                     /home/laurent/src/copal/new-model/model_parameters/copal.ci_semi
-input_endian      little                little
-jsgf                                    /home/laurent/src/copal/new-model/etc/copal.jsgf
-keyphrase                           
-kws                                 
-kws_delay         10                    10
-kws_plp           1e-1                  1.000000e-01
-kws_threshold     1e-30                 1.000000e-30
-latsize           5000                  5000
-lda                                 
-ldadim            0                     0
-lifter            0                     22
-lm                                  
-lmctl                               
-lmname                              
-logbase           1.0001                1.000100e+00
-logfn                               
-loglevel          WARN                  INFO
-logspec           no                    no
-lowerf            133.33334             1.300000e+02
-lpbeam            1e-40                 1.000000e-80
-lponlybeam        7e-29                 1.000000e-80
-lw                6.5                   1.000000e+01
-maxhmmpf          30000                 30000
-maxwpf            -1                    -1
-mdef                                    /home/laurent/src/copal/new-model/model_parameters/copal.ci_semi/mdef
-mean                                    /home/laurent/src/copal/new-model/model_parameters/copal.ci_semi/means
-mfclogdir                           
-min_endfr         0                     0
-mixw                                    /home/laurent/src/copal/new-model/model_parameters/copal.ci_semi/mixture_weights
-mixwfloor         0.0000001             1.000000e-07
-mllr                                
-mmap              yes                   yes
-ncep              13                    13
-nfft              0                     0
-nfilt             40                    25
-nwpen             1.0                   1.000000e+00
-pbeam             1e-48                 1.000000e-80
-pip               1.0                   1.000000e+00
-pl_beam           1e-10                 1.000000e-10
-pl_pbeam          1e-10                 1.000000e-10
-pl_pip            1.0                   1.000000e+00
-pl_weight         3.0                   3.000000e+00
-pl_window         5                     5
-rawlogdir                           
-remove_dc         no                    no
-remove_noise      no                    no
-round_filters     yes                   yes
-samprate          16000                 16000
-seed              -1                    -1
-sendump                             
-senlogdir                           
-senmgau                             
-silprob           0.005                 5.000000e-03
-smoothspec        no                    no
-svspec                              
-tmat                                    /home/laurent/src/copal/new-model/model_parameters/copal.ci_semi/transition_matrices
-tmatfloor         0.0001                1.000000e-04
-topn              4                     4
-topn_beam         0                     0
-toprule                             
-transform         legacy                dct
-unit_area         yes                   yes
-upperf            6855.4976             6.800000e+03
-uw                1.0                   1.000000e+00
-var                                     /home/laurent/src/copal/new-model/model_parameters/copal.ci_semi/variances
-varfloor          0.0001                1.000000e-04
-varnorm           no                    yes
-verbose           no                    no
-warp_params                         
-warp_type         inverse_linear        inverse_linear
-wbeam             7e-29                 1.000000e-40
-wip               0.65                  2.000000e-01
-wlen              0.025625              2.562500e-02

INFO: fe_interface.c(91): Frames are 410 samples at intervals of 160
INFO: fe_interface.c(108): FFT size automatically set to 512
INFO: feat.c(713): Initializing feature stream to type: 's2_4x', ceplen=13, CMN='batch', VARNORM='yes', AGC='none'
INFO: acmod.c(188): Setting initial CMN to 40,3,-1
INFO: cmn.c(124): Update from < 0,0,0,0,0,0,0,0,0,0,0,0,0 >
INFO: cmn.c(144): Update to   < 40,3,-1,0,0,0,0,0,0,0,0,0,0 >
INFO: mdef.c(515): Reading model definition: /home/laurent/src/copal/new-model/model_parameters/copal.ci_semi/mdef
INFO: bin_mdef.c(179): Allocating 60 * 8 bytes (0 KiB) for CD tree
INFO: tmat.c(147): Reading HMM transition probability matrices: /home/laurent/src/copal/new-model/model_parameters/copal.ci_semi/transition_matrices
INFO: acmod.c(107): Attempting to use PTM computation module
INFO: ms_gauden.c(128): Reading mixture gaussian parameter: /home/laurent/src/copal/new-model/model_parameters/copal.ci_semi/means
INFO: ms_gauden.c(243): 1 codebook, 4 feature, size: 
INFO: ms_gauden.c(245):  256x12
INFO: ms_gauden.c(245):  256x24
INFO: ms_gauden.c(245):  256x3
INFO: ms_gauden.c(245):  256x12
INFO: ms_gauden.c(128): Reading mixture gaussian parameter: /home/laurent/src/copal/new-model/model_parameters/copal.ci_semi/variances
INFO: ms_gauden.c(243): 1 codebook, 4 feature, size: 
INFO: ms_gauden.c(245):  256x12
INFO: ms_gauden.c(245):  256x24
INFO: ms_gauden.c(245):  256x3
INFO: ms_gauden.c(245):  256x12
INFO: ms_gauden.c(305): 410 variance values floored
INFO: ptm_mgau.c(836): Number of codebooks doesn't match number of ciphones, doesn't look like PTM: 1 != 14
INFO: acmod.c(109): Attempting to use semi-continuous computation module
INFO: ms_gauden.c(128): Reading mixture gaussian parameter: /home/laurent/src/copal/new-model/model_parameters/copal.ci_semi/means
INFO: ms_gauden.c(243): 1 codebook, 4 feature, size: 
INFO: ms_gauden.c(245):  256x12
INFO: ms_gauden.c(245):  256x24
INFO: ms_gauden.c(245):  256x3
INFO: ms_gauden.c(245):  256x12
INFO: ms_gauden.c(128): Reading mixture gaussian parameter: /home/laurent/src/copal/new-model/model_parameters/copal.ci_semi/variances
INFO: ms_gauden.c(243): 1 codebook, 4 feature, size: 
INFO: ms_gauden.c(245):  256x12
INFO: ms_gauden.c(245):  256x24
INFO: ms_gauden.c(245):  256x3
INFO: ms_gauden.c(245):  256x12
INFO: ms_gauden.c(305): 410 variance values floored
INFO: s2_semi_mgau.c(1100): Reading mixture weights file '/home/laurent/src/copal/new-model/model_parameters/copal.ci_semi/mixture_weights'
INFO: s2_semi_mgau.c(1193): Read 42 x 4 x 256 mixture weights
INFO: s2_semi_mgau.c(1298): Maximum top-N: 4 Top-N beams: 0 0 0 0
INFO: phone_loop_search.c(113): State beam -225 Phone exit beam -225 Insertion penalty 0
INFO: dict.c(316): Allocating 4105 * 32 bytes (128 KiB) for word entries
INFO: dict.c(331): Reading main dictionary: /home/laurent/src/copal/new-model/etc/copal.dic
INFO: dict.c(209): Dictionary size 6, allocated 0 KiB for strings, 0 KiB for phones
INFO: dict.c(334): 6 words read
INFO: dict.c(356): Reading filler dictionary: /home/laurent/src/copal/new-model/model_parameters/copal.ci_semi/noisedict
INFO: dict.c(209): Dictionary size 9, allocated 0 KiB for strings, 0 KiB for phones
INFO: dict.c(359): 3 words read
INFO: dict2pid.c(399): Building PID tables for dictionary
INFO: dict2pid.c(407): Allocating 14^3 * 2 bytes (5 KiB) for word-initial triphones
INFO: dict2pid.c(134): Allocated 4816 bytes (4 KiB) for word-final triphones
INFO: dict2pid.c(198): Allocated 4816 bytes (4 KiB) for single-phone word triphones
INFO: jsgf.c(646): Defined rule: <copal.request>
INFO: jsgf.c(646): Defined rule: <copal.g00001>
INFO: jsgf.c(646): Defined rule: <copal.object>
INFO: jsgf.c(646): Defined rule: PUBLIC <copal.command>
INFO: fsg_model.c(190): Computing transitive closure for null transitions
INFO: fsg_model.c(252): 14 null transitions added
INFO: fsg_search.c(222): FSG(beam: -1799, pbeam: -1799, wbeam: -900; wip: -158, pip: 0)
INFO: fsg_model.c(405): Adding silence transitions for <sil> to FSG
INFO: fsg_model.c(425): Added 14 silence word transitions
INFO: fsg_search.c(170): Added 0 alternate word transitions
INFO: fsg_lextree.c(105): Allocated 420 bytes (0 KiB) for left and right context phones
INFO: fsg_lextree.c(252): 42 HMM nodes in lextree (20 leaves)
INFO: fsg_lextree.c(254): Allocated 6048 bytes (5 KiB) for all lextree nodes
INFO: fsg_lextree.c(257): Allocated 2880 bytes (2 KiB) for lextree leafnodes
INFO: pocketsphinx_batch.c(836): Decoding 'copalexit-01'
INFO: cmn.c(200): CMN: 56.8713,11.8886,-9.83409,15.8972,-18.6758,-4.82429,1.23362,-14.8099,1.02358,-21.1289,12.6637,-5.30176,-7.70932
INFO: fsg_search.c(857): 148 frames, 704 HMMs (4/fr), 1590 senones (10/fr), 215 history entries (1/fr)

INFO: fsg_search.c(872): fsg 0.01 CPU 0.008 xRT
INFO: fsg_search.c(874): fsg 0.01 wall 0.008 xRT
INFO: fsg_search.c(1265): Start node candidate <sil>.0:2:13
INFO: fsg_search.c(1265): Start node candidate <sil>.0:2:13
INFO: fsg_search.c(1304): End node candidate <sil>.145:147:147 (-1030)
INFO: fsg_search.c(1304): End node candidate <sil>.145:147:147 (-1030)
INFO: fsg_search.c(1304): End node candidate <sil>.145:147:147 (-1030)
INFO: fsg_search.c(1304): End node candidate <sil>.145:147:147 (-1030)
INFO: fsg_search.c(1304): End node candidate exit.68:128:147 (-6526)
INFO: fsg_search.c(1529): lattice start node <s>.0 end node </s>.148
INFO: ps_lattice.c(1382): Bestpath score: -15035
INFO: ps_lattice.c(1383): Normalizer P(O) = alpha(</s>:148:148) = -762859
INFO: ps_lattice.c(1443): Joint P(O,S) = -769791 P(S|O) = -6932
INFO: pocketsphinx_batch.c(879): copalexit-01: 1.48 seconds speech, 0.01 seconds CPU, 0.01 seconds wall
INFO: pocketsphinx_batch.c(881): copalexit-01: 0.01 xRT (CPU), 0.01 xRT (elapsed)
copal exit (copalexit-01 -15035)
copalexit-01 done --------------------------------------
INFO: pocketsphinx_batch.c(836): Decoding 'copalexit-02'
INFO: cmn.c(200): CMN: 56.1684,13.1561,-8.84448,12.4224,-16.5976,-4.20236,5.07084,-13.0564,1.26455,-14.2561,13.6714,-3.83376,-6.61591
INFO: fsg_search.c(857): 145 frames, 740 HMMs (5/fr), 1647 senones (11/fr), 234 history entries (1/fr)

INFO: fsg_search.c(872): fsg 0.01 CPU 0.008 xRT
INFO: fsg_search.c(874): fsg 0.01 wall 0.008 xRT
INFO: fsg_search.c(1265): Start node candidate <sil>.0:2:14
INFO: fsg_search.c(1265): Start node candidate <sil>.0:2:14
INFO: fsg_search.c(1304): End node candidate <sil>.141:143:144 (-1093)
INFO: fsg_search.c(1304): End node candidate <sil>.141:143:144 (-1093)
INFO: fsg_search.c(1304): End node candidate <sil>.141:143:144 (-1093)
INFO: fsg_search.c(1304): End node candidate <sil>.141:143:144 (-1093)
INFO: fsg_search.c(1304): End node candidate exit.68:120:144 (-6736)
INFO: fsg_search.c(1529): lattice start node <s>.0 end node </s>.145
INFO: ps_lattice.c(1382): Bestpath score: -14920
INFO: ps_lattice.c(1383): Normalizer P(O) = alpha(</s>:145:145) = -756970
INFO: ps_lattice.c(1443): Joint P(O,S) = -763902 P(S|O) = -6932
INFO: pocketsphinx_batch.c(879): copalexit-02: 1.45 seconds speech, 0.01 seconds CPU, 0.01 seconds wall
INFO: pocketsphinx_batch.c(881): copalexit-02: 0.01 xRT (CPU), 0.01 xRT (elapsed)
copal exit (copalexit-02 -14920)
copalexit-02 done --------------------------------------
INFO: pocketsphinx_batch.c(836): Decoding 'copalexit-03'
INFO: cmn.c(200): CMN: 56.547,12.8305,-9.72261,15.2394,-18.2341,-4.89078,4.28809,-11.9419,5.43945,-20.1666,11.8215,-4.58767,-9.69999
INFO: fsg_search.c(857): 150 frames, 705 HMMs (4/fr), 1572 senones (10/fr), 292 history entries (1/fr)

INFO: fsg_search.c(872): fsg 0.01 CPU 0.008 xRT
INFO: fsg_search.c(874): fsg 0.01 wall 0.008 xRT
INFO: fsg_search.c(1265): Start node candidate <sil>.0:2:13
INFO: fsg_search.c(1265): Start node candidate <sil>.0:2:13
INFO: fsg_search.c(1304): End node candidate <sil>.141:143:149 (-1221)
INFO: fsg_search.c(1304): End node candidate <sil>.141:143:149 (-1221)
INFO: fsg_search.c(1304): End node candidate <sil>.141:143:149 (-1221)
INFO: fsg_search.c(1304): End node candidate <sil>.141:143:149 (-1221)
INFO: fsg_search.c(1304): End node candidate exit.70:121:149 (-6077)
INFO: fsg_search.c(1529): lattice start node <s>.0 end node </s>.150
INFO: ps_lattice.c(1382): Bestpath score: -14891
INFO: ps_lattice.c(1383): Normalizer P(O) = alpha(</s>:150:150) = -755485
INFO: ps_lattice.c(1443): Joint P(O,S) = -762417 P(S|O) = -6932
INFO: pocketsphinx_batch.c(879): copalexit-03: 1.50 seconds speech, 0.01 seconds CPU, 0.01 seconds wall
INFO: pocketsphinx_batch.c(881): copalexit-03: 0.01 xRT (CPU), 0.01 xRT (elapsed)
copal exit (copalexit-03 -14891)
copalexit-03 done --------------------------------------
INFO: pocketsphinx_batch.c(836): Decoding 'copalexit-04'
INFO: cmn.c(200): CMN: 57.2279,13.3529,-9.62353,14.6846,-18.6491,-4.57824,3.2205,-15.0878,7.36558,-18.5908,12.0545,-2.75385,-9.29422
INFO: fsg_search.c(857): 144 frames, 725 HMMs (5/fr), 1629 senones (11/fr), 212 history entries (1/fr)

INFO: fsg_search.c(872): fsg 0.01 CPU 0.008 xRT
INFO: fsg_search.c(874): fsg 0.01 wall 0.008 xRT
INFO: fsg_search.c(1265): Start node candidate <sil>.0:2:13
INFO: fsg_search.c(1265): Start node candidate <sil>.0:2:13
INFO: fsg_search.c(1304): End node candidate <sil>.141:143:143 (-1119)
INFO: fsg_search.c(1304): End node candidate <sil>.141:143:143 (-1119)
INFO: fsg_search.c(1304): End node candidate <sil>.141:143:143 (-1119)
INFO: fsg_search.c(1304): End node candidate <sil>.141:143:143 (-1119)
INFO: fsg_search.c(1304): End node candidate exit.70:124:143 (-6392)
INFO: fsg_search.c(1529): lattice start node <s>.0 end node </s>.144
INFO: ps_lattice.c(1382): Bestpath score: -15886
INFO: ps_lattice.c(1383): Normalizer P(O) = alpha(</s>:144:144) = -806429
INFO: ps_lattice.c(1443): Joint P(O,S) = -813361 P(S|O) = -6932
INFO: pocketsphinx_batch.c(879): copalexit-04: 1.44 seconds speech, 0.01 seconds CPU, 0.01 seconds wall
INFO: pocketsphinx_batch.c(881): copalexit-04: 0.01 xRT (CPU), 0.01 xRT (elapsed)
copal exit (copalexit-04 -15886)
copalexit-04 done --------------------------------------
INFO: pocketsphinx_batch.c(836): Decoding 'copalexit-05'
INFO: cmn.c(200): CMN: 57.2977,12.0063,-9.72795,15.1494,-18.7401,-5.8678,6.40172,-13.5796,7.66459,-19.6315,11.8496,-2.40038,-10.0746
INFO: fsg_search.c(857): 147 frames, 741 HMMs (5/fr), 1656 senones (11/fr), 222 history entries (1/fr)

INFO: fsg_search.c(872): fsg 0.01 CPU 0.008 xRT
INFO: fsg_search.c(874): fsg 0.01 wall 0.008 xRT
INFO: fsg_search.c(1265): Start node candidate <sil>.0:2:16
INFO: fsg_search.c(1265): Start node candidate <sil>.0:2:16
INFO: fsg_search.c(1304): End node candidate <sil>.144:146:146 (-1142)
INFO: fsg_search.c(1304): End node candidate <sil>.144:146:146 (-1142)
INFO: fsg_search.c(1304): End node candidate <sil>.144:146:146 (-1142)
INFO: fsg_search.c(1304): End node candidate <sil>.144:146:146 (-1142)
INFO: fsg_search.c(1304): End node candidate exit.71:121:146 (-6332)
INFO: fsg_search.c(1529): lattice start node <s>.0 end node </s>.147
INFO: ps_lattice.c(1382): Bestpath score: -16141
INFO: ps_lattice.c(1383): Normalizer P(O) = alpha(</s>:147:147) = -819485
INFO: ps_lattice.c(1443): Joint P(O,S) = -826417 P(S|O) = -6932
INFO: pocketsphinx_batch.c(879): copalexit-05: 1.47 seconds speech, 0.01 seconds CPU, 0.01 seconds wall
INFO: pocketsphinx_batch.c(881): copalexit-05: 0.01 xRT (CPU), 0.01 xRT (elapsed)
copal exit (copalexit-05 -16141)
copalexit-05 done --------------------------------------
INFO: pocketsphinx_batch.c(836): Decoding 'copalexit-06'
INFO: cmn.c(200): CMN: 58.923,12.5737,-9.36708,16.2467,-20.0301,-3.43415,0.605547,-17.7365,7.60811,-22.7869,13.2326,-3.06254,-10.6401
INFO: fsg_search.c(857): 135 frames, 606 HMMs (4/fr), 1386 senones (10/fr), 190 history entries (1/fr)

INFO: fsg_search.c(872): fsg 0.01 CPU 0.008 xRT
INFO: fsg_search.c(874): fsg 0.01 wall 0.008 xRT
INFO: fsg_search.c(1265): Start node candidate <sil>.0:2:10
INFO: fsg_search.c(1265): Start node candidate <sil>.0:2:10
INFO: fsg_search.c(1304): End node candidate <sil>.132:134:134 (-1038)
INFO: fsg_search.c(1304): End node candidate <sil>.132:134:134 (-1038)
INFO: fsg_search.c(1304): End node candidate <sil>.132:134:134 (-1038)
INFO: fsg_search.c(1304): End node candidate <sil>.132:134:134 (-1038)
INFO: fsg_search.c(1304): End node candidate exit.64:113:134 (-5873)
INFO: fsg_search.c(1529): lattice start node <s>.0 end node </s>.135
INFO: ps_lattice.c(1382): Bestpath score: -14009
INFO: ps_lattice.c(1383): Normalizer P(O) = alpha(</s>:135:135) = -710327
INFO: ps_lattice.c(1443): Joint P(O,S) = -717259 P(S|O) = -6932
INFO: pocketsphinx_batch.c(879): copalexit-06: 1.35 seconds speech, 0.01 seconds CPU, 0.01 seconds wall
INFO: pocketsphinx_batch.c(881): copalexit-06: 0.01 xRT (CPU), 0.01 xRT (elapsed)
copal exit (copalexit-06 -14009)
copalexit-06 done --------------------------------------
INFO: pocketsphinx_batch.c(836): Decoding 'copalexit-07'
INFO: cmn.c(200): CMN: 58.4686,11.9942,-10.4632,16.7734,-19.9903,-3.80047,0.871939,-16.2732,4.02688,-21.0505,13.0366,-5.56686,-10.4281
INFO: fsg_search.c(857): 142 frames, 688 HMMs (4/fr), 1557 senones (10/fr), 222 history entries (1/fr)

INFO: fsg_search.c(872): fsg 0.01 CPU 0.008 xRT
INFO: fsg_search.c(874): fsg 0.01 wall 0.008 xRT
INFO: fsg_search.c(1265): Start node candidate <sil>.0:2:14
INFO: fsg_search.c(1265): Start node candidate <sil>.0:2:14
INFO: fsg_search.c(1304): End node candidate <sil>.139:141:141 (-1062)
INFO: fsg_search.c(1304): End node candidate <sil>.139:141:141 (-1062)
INFO: fsg_search.c(1304): End node candidate <sil>.139:141:141 (-1062)
INFO: fsg_search.c(1304): End node candidate <sil>.139:141:141 (-1062)
INFO: fsg_search.c(1304): End node candidate exit.70:121:141 (-5626)
INFO: fsg_search.c(1529): lattice start node <s>.0 end node </s>.142
INFO: ps_lattice.c(1382): Bestpath score: -14196
INFO: ps_lattice.c(1383): Normalizer P(O) = alpha(</s>:142:142) = -719901
INFO: ps_lattice.c(1443): Joint P(O,S) = -726833 P(S|O) = -6932
INFO: pocketsphinx_batch.c(879): copalexit-07: 1.42 seconds speech, 0.01 seconds CPU, 0.01 seconds wall
INFO: pocketsphinx_batch.c(881): copalexit-07: 0.01 xRT (CPU), 0.01 xRT (elapsed)
copal exit (copalexit-07 -14196)
copalexit-07 done --------------------------------------
INFO: pocketsphinx_batch.c(836): Decoding 'copalexit-08'
INFO: cmn.c(200): CMN: 57.2893,12.1013,-8.69861,15.0085,-17.5231,-6.34539,3.6888,-11.098,5.94501,-19.1009,13.5411,-2.84201,-11.2232
INFO: fsg_search.c(857): 148 frames, 667 HMMs (4/fr), 1500 senones (10/fr), 260 history entries (1/fr)

INFO: fsg_search.c(872): fsg 0.01 CPU 0.008 xRT
INFO: fsg_search.c(874): fsg 0.01 wall 0.008 xRT
INFO: fsg_search.c(1265): Start node candidate <sil>.0:2:15
INFO: fsg_search.c(1265): Start node candidate <sil>.0:2:15
INFO: fsg_search.c(1304): End node candidate <sil>.140:142:147 (-1106)
INFO: fsg_search.c(1304): End node candidate <sil>.140:142:147 (-1106)
INFO: fsg_search.c(1304): End node candidate <sil>.140:142:147 (-1106)
INFO: fsg_search.c(1304): End node candidate <sil>.140:142:147 (-1106)
INFO: fsg_search.c(1304): End node candidate exit.70:122:147 (-5720)
INFO: fsg_search.c(1529): lattice start node <s>.0 end node </s>.148
INFO: ps_lattice.c(1382): Bestpath score: -14262
INFO: ps_lattice.c(1383): Normalizer P(O) = alpha(</s>:148:148) = -723281
INFO: ps_lattice.c(1443): Joint P(O,S) = -730213 P(S|O) = -6932
INFO: pocketsphinx_batch.c(879): copalexit-08: 1.48 seconds speech, 0.01 seconds CPU, 0.01 seconds wall
INFO: pocketsphinx_batch.c(881): copalexit-08: 0.01 xRT (CPU), 0.01 xRT (elapsed)
copal exit (copalexit-08 -14262)
copalexit-08 done --------------------------------------
INFO: pocketsphinx_batch.c(836): Decoding 'copalexit-09'
INFO: cmn.c(200): CMN: 58.4012,10.6484,-11.4681,16.1365,-19.5876,-4.98231,1.12328,-15.2829,4.22493,-19.6775,14.598,-3.73663,-10.0664
INFO: fsg_search.c(857): 149 frames, 679 HMMs (4/fr), 1530 senones (10/fr), 246 history entries (1/fr)

INFO: fsg_search.c(872): fsg 0.01 CPU 0.008 xRT
INFO: fsg_search.c(874): fsg 0.01 wall 0.008 xRT
INFO: fsg_search.c(1265): Start node candidate <sil>.0:2:15
INFO: fsg_search.c(1265): Start node candidate <sil>.0:2:15
INFO: fsg_search.c(1304): End node candidate <sil>.145:147:148 (-1010)
INFO: fsg_search.c(1304): End node candidate <sil>.145:147:148 (-1010)
INFO: fsg_search.c(1304): End node candidate <sil>.145:147:148 (-1010)
INFO: fsg_search.c(1304): End node candidate <sil>.145:147:148 (-1010)
INFO: fsg_search.c(1304): End node candidate exit.70:122:148 (-6020)
INFO: fsg_search.c(1529): lattice start node <s>.0 end node </s>.149
INFO: ps_lattice.c(1382): Bestpath score: -14786
INFO: ps_lattice.c(1383): Normalizer P(O) = alpha(</s>:149:149) = -750110
INFO: ps_lattice.c(1443): Joint P(O,S) = -757042 P(S|O) = -6932
INFO: pocketsphinx_batch.c(879): copalexit-09: 1.49 seconds speech, 0.01 seconds CPU, 0.01 seconds wall
INFO: pocketsphinx_batch.c(881): copalexit-09: 0.01 xRT (CPU), 0.01 xRT (elapsed)
copal exit (copalexit-09 -14786)
copalexit-09 done --------------------------------------
INFO: pocketsphinx_batch.c(836): Decoding 'copalexit-10'
INFO: cmn.c(200): CMN: 58.1377,10.7401,-12.9718,18.7322,-19.8284,-4.6694,-0.950027,-12.9517,8.13972,-22.1127,17.012,2.18062,-7.24549
INFO: fsg_search.c(857): 141 frames, 673 HMMs (4/fr), 1515 senones (10/fr), 243 history entries (1/fr)

INFO: fsg_search.c(872): fsg 0.01 CPU 0.008 xRT
INFO: fsg_search.c(874): fsg 0.01 wall 0.008 xRT
INFO: fsg_search.c(1265): Start node candidate <sil>.0:2:9
INFO: fsg_search.c(1265): Start node candidate <sil>.0:2:9
INFO: fsg_search.c(1304): End node candidate <sil>.133:135:140 (-1165)
INFO: fsg_search.c(1304): End node candidate <sil>.133:135:140 (-1165)
INFO: fsg_search.c(1304): End node candidate <sil>.133:135:140 (-1165)
INFO: fsg_search.c(1304): End node candidate <sil>.133:135:140 (-1165)
INFO: fsg_search.c(1304): End node candidate exit.63:117:140 (-6487)
INFO: fsg_search.c(1529): lattice start node <s>.0 end node </s>.141
INFO: ps_lattice.c(1382): Bestpath score: -14963
INFO: ps_lattice.c(1383): Normalizer P(O) = alpha(</s>:141:141) = -759172
INFO: ps_lattice.c(1443): Joint P(O,S) = -766104 P(S|O) = -6932
INFO: pocketsphinx_batch.c(879): copalexit-10: 1.41 seconds speech, 0.01 seconds CPU, 0.01 seconds wall
INFO: pocketsphinx_batch.c(881): copalexit-10: 0.01 xRT (CPU), 0.01 xRT (elapsed)
copal exit (copalexit-10 -14963)
copalexit-10 done --------------------------------------
INFO: pocketsphinx_batch.c(836): Decoding 'copalplay-01'
INFO: cmn.c(200): CMN: 61.0315,12.4394,-18.2027,15.6813,-24.5356,-1.40324,1.55714,-15.6842,3.3323,-18.9807,20.5571,-3.66847,-11.4996
INFO: fsg_search.c(857): 137 frames, 895 HMMs (6/fr), 1857 senones (13/fr), 336 history entries (2/fr)

INFO: fsg_search.c(872): fsg 0.01 CPU 0.008 xRT
INFO: fsg_search.c(874): fsg 0.01 wall 0.008 xRT
INFO: fsg_search.c(1265): Start node candidate <sil>.0:2:10
INFO: fsg_search.c(1265): Start node candidate <sil>.0:2:10
INFO: fsg_search.c(1304): End node candidate <sil>.132:134:136 (-1106)
INFO: fsg_search.c(1304): End node candidate <sil>.132:134:136 (-1106)
INFO: fsg_search.c(1304): End node candidate <sil>.132:134:136 (-1106)
INFO: fsg_search.c(1304): End node candidate <sil>.132:134:136 (-1106)
INFO: fsg_search.c(1304): End node candidate play.90:102:136 (-3015)
INFO: fsg_search.c(1529): lattice start node <s>.0 end node </s>.137
INFO: ps_lattice.c(1382): Bestpath score: -14608
INFO: ps_lattice.c(1383): Normalizer P(O) = alpha(</s>:137:137) = -740996
INFO: ps_lattice.c(1443): Joint P(O,S) = -747928 P(S|O) = -6932
INFO: pocketsphinx_batch.c(879): copalplay-01: 1.37 seconds speech, 0.01 seconds CPU, 0.01 seconds wall
INFO: pocketsphinx_batch.c(881): copalplay-01: 0.01 xRT (CPU), 0.01 xRT (elapsed)
copal play (copalplay-01 -14608)
copalplay-01 done --------------------------------------
INFO: pocketsphinx_batch.c(897): TOTAL 15.86 seconds speech, 0.13 seconds CPU, 0.13 seconds wall
INFO: pocketsphinx_batch.c(899): AVERAGE 0.01 xRT (CPU), 0.01 xRT (elapsed)
INFO: fsg_search.c(267): TOTAL fsg 0.13 CPU 0.008 xRT
INFO: fsg_search.c(270): TOTAL fsg 0.13 wall 0.008 xRT
Sat Dec 28 20:38:54 2024
