        INFO: pocketsphinx.c(128): Parsed model-specific feature parameters from /home/laurent/src/copal/new-model/model_parameters/copal.ci_semi/feat.params
INFO: cmd_ln.c(569): Current configuration:
[NAME]            [DEFLT]               [VALUE]
-agc               none                  none
-agcthresh         2.0                   2.000000e+00
-allphone                            
-allphone_ci       yes                   yes
-alpha             0.97                  9.700000e-01
-ascale            20.0                  2.000000e+01
-aw                1                     1
-backtrace         no                    no
-beam              1e-48                 1.000000e-80
-bestpath          yes                   yes
-bestpathlw        9.5                   1.000000e+01
-ceplen            13                    13
-cmn               live                  batch
-cmninit           40,3,-1               40,3,-1
-compallsen        no                    no
-dict                                    /home/laurent/src/copal/new-model/etc/copal.dic
-dictcase          no                    no
-dither            no                    no
-doublebw          no                    no
-ds                1                     1
-fdict                                   /home/laurent/src/copal/new-model/model_parameters/copal.ci_semi/noisedict
-feat              1s_c_d_dd             s2_4x
-featparams                              /home/laurent/src/copal/new-model/model_parameters/copal.ci_semi/feat.params
-fillprob          1e-8                  1.000000e-08
-frate             100                   100
-fsg                                 
-fsgusealtpron     yes                   yes
-fsgusefiller      yes                   yes
-fwdflat           yes                   yes
-fwdflatbeam       1e-64                 1.000000e-80
-fwdflatefwid      4                     4
-fwdflatlw         8.5                   1.000000e+01
-fwdflatsfwin      25                    25
-fwdflatwbeam      7e-29                 1.000000e-40
-fwdtree           yes                   yes
-hmm                                     /home/laurent/src/copal/new-model/model_parameters/copal.ci_semi
-input_endian      little                little
-jsgf                                    /home/laurent/src/copal/new-model/etc/copal.jsgf
-keyphrase                           
-kws                                 
-kws_delay         10                    10
-kws_plp           1e-1                  1.000000e-01
-kws_threshold     1e-30                 1.000000e-30
-latsize           5000                  5000
-lda                                 
-ldadim            0                     0
-lifter            0                     22
-lm                                  
-lmctl                               
-lmname                              
-logbase           1.0001                1.000100e+00
-logfn                               
-loglevel          WARN                  INFO
-logspec           no                    no
-lowerf            133.33334             1.300000e+02
-lpbeam            1e-40                 1.000000e-80
-lponlybeam        7e-29                 1.000000e-80
-lw                6.5                   1.000000e+01
-maxhmmpf          30000                 30000
-maxwpf            -1                    -1
-mdef                                    /home/laurent/src/copal/new-model/model_parameters/copal.ci_semi/mdef
-mean                                    /home/laurent/src/copal/new-model/model_parameters/copal.ci_semi/means
-mfclogdir                           
-min_endfr         0                     0
-mixw                                    /home/laurent/src/copal/new-model/model_parameters/copal.ci_semi/mixture_weights
-mixwfloor         0.0000001             1.000000e-07
-mllr                                
-mmap              yes                   yes
-ncep              13                    13
-nfft              0                     0
-nfilt             40                    25
-nwpen             1.0                   1.000000e+00
-pbeam             1e-48                 1.000000e-80
-pip               1.0                   1.000000e+00
-pl_beam           1e-10                 1.000000e-10
-pl_pbeam          1e-10                 1.000000e-10
-pl_pip            1.0                   1.000000e+00
-pl_weight         3.0                   3.000000e+00
-pl_window         5                     5
-rawlogdir                           
-remove_dc         no                    no
-remove_noise      no                    no
-round_filters     yes                   yes
-samprate          16000                 16000
-seed              -1                    -1
-sendump                             
-senlogdir                           
-senmgau                             
-silprob           0.005                 5.000000e-03
-smoothspec        no                    no
-svspec                              
-tmat                                    /home/laurent/src/copal/new-model/model_parameters/copal.ci_semi/transition_matrices
-tmatfloor         0.0001                1.000000e-04
-topn              4                     4
-topn_beam         0                     0
-toprule                             
-transform         legacy                dct
-unit_area         yes                   yes
-upperf            6855.4976             6.800000e+03
-uw                1.0                   1.000000e+00
-var                                     /home/laurent/src/copal/new-model/model_parameters/copal.ci_semi/variances
-varfloor          0.0001                1.000000e-04
-varnorm           no                    yes
-verbose           no                    no
-warp_params                         
-warp_type         inverse_linear        inverse_linear
-wbeam             7e-29                 1.000000e-40
-wip               0.65                  2.000000e-01
-wlen              0.025625              2.562500e-02

INFO: fe_interface.c(91): Frames are 410 samples at intervals of 160
INFO: fe_interface.c(108): FFT size automatically set to 512
INFO: feat.c(713): Initializing feature stream to type: 's2_4x', ceplen=13, CMN='batch', VARNORM='yes', AGC='none'
INFO: acmod.c(188): Setting initial CMN to 40,3,-1
INFO: cmn.c(124): Update from < 0,0,0,0,0,0,0,0,0,0,0,0,0 >
INFO: cmn.c(144): Update to   < 40,3,-1,0,0,0,0,0,0,0,0,0,0 >
INFO: mdef.c(515): Reading model definition: /home/laurent/src/copal/new-model/model_parameters/copal.ci_semi/mdef
INFO: bin_mdef.c(179): Allocating 60 * 8 bytes (0 KiB) for CD tree
INFO: tmat.c(147): Reading HMM transition probability matrices: /home/laurent/src/copal/new-model/model_parameters/copal.ci_semi/transition_matrices
INFO: acmod.c(107): Attempting to use PTM computation module
INFO: ms_gauden.c(128): Reading mixture gaussian parameter: /home/laurent/src/copal/new-model/model_parameters/copal.ci_semi/means
INFO: ms_gauden.c(243): 1 codebook, 4 feature, size: 
INFO: ms_gauden.c(245):  256x12
INFO: ms_gauden.c(245):  256x24
INFO: ms_gauden.c(245):  256x3
INFO: ms_gauden.c(245):  256x12
INFO: ms_gauden.c(128): Reading mixture gaussian parameter: /home/laurent/src/copal/new-model/model_parameters/copal.ci_semi/variances
INFO: ms_gauden.c(243): 1 codebook, 4 feature, size: 
INFO: ms_gauden.c(245):  256x12
INFO: ms_gauden.c(245):  256x24
INFO: ms_gauden.c(245):  256x3
INFO: ms_gauden.c(245):  256x12
INFO: ms_gauden.c(305): 410 variance values floored
INFO: ptm_mgau.c(836): Number of codebooks doesn't match number of ciphones, doesn't look like PTM: 1 != 14
INFO: acmod.c(109): Attempting to use semi-continuous computation module
INFO: ms_gauden.c(128): Reading mixture gaussian parameter: /home/laurent/src/copal/new-model/model_parameters/copal.ci_semi/means
INFO: ms_gauden.c(243): 1 codebook, 4 feature, size: 
INFO: ms_gauden.c(245):  256x12
INFO: ms_gauden.c(245):  256x24
INFO: ms_gauden.c(245):  256x3
INFO: ms_gauden.c(245):  256x12
INFO: ms_gauden.c(128): Reading mixture gaussian parameter: /home/laurent/src/copal/new-model/model_parameters/copal.ci_semi/variances
INFO: ms_gauden.c(243): 1 codebook, 4 feature, size: 
INFO: ms_gauden.c(245):  256x12
INFO: ms_gauden.c(245):  256x24
INFO: ms_gauden.c(245):  256x3
INFO: ms_gauden.c(245):  256x12
INFO: ms_gauden.c(305): 410 variance values floored
INFO: s2_semi_mgau.c(1100): Reading mixture weights file '/home/laurent/src/copal/new-model/model_parameters/copal.ci_semi/mixture_weights'
INFO: s2_semi_mgau.c(1193): Read 42 x 4 x 256 mixture weights
INFO: s2_semi_mgau.c(1298): Maximum top-N: 4 Top-N beams: 0 0 0 0
INFO: phone_loop_search.c(113): State beam -225 Phone exit beam -225 Insertion penalty 0
INFO: dict.c(316): Allocating 4105 * 32 bytes (128 KiB) for word entries
INFO: dict.c(331): Reading main dictionary: /home/laurent/src/copal/new-model/etc/copal.dic
INFO: dict.c(209): Dictionary size 6, allocated 0 KiB for strings, 0 KiB for phones
INFO: dict.c(334): 6 words read
INFO: dict.c(356): Reading filler dictionary: /home/laurent/src/copal/new-model/model_parameters/copal.ci_semi/noisedict
INFO: dict.c(209): Dictionary size 9, allocated 0 KiB for strings, 0 KiB for phones
INFO: dict.c(359): 3 words read
INFO: dict2pid.c(399): Building PID tables for dictionary
INFO: dict2pid.c(407): Allocating 14^3 * 2 bytes (5 KiB) for word-initial triphones
INFO: dict2pid.c(134): Allocated 4816 bytes (4 KiB) for word-final triphones
INFO: dict2pid.c(198): Allocated 4816 bytes (4 KiB) for single-phone word triphones
INFO: jsgf.c(646): Defined rule: <copal.request>
INFO: jsgf.c(646): Defined rule: <copal.g00001>
INFO: jsgf.c(646): Defined rule: <copal.object>
INFO: jsgf.c(646): Defined rule: PUBLIC <copal.command>
INFO: fsg_model.c(190): Computing transitive closure for null transitions
INFO: fsg_model.c(252): 14 null transitions added
INFO: fsg_search.c(222): FSG(beam: -1799, pbeam: -1799, wbeam: -900; wip: -158, pip: 0)
INFO: fsg_model.c(405): Adding silence transitions for <sil> to FSG
INFO: fsg_model.c(425): Added 14 silence word transitions
INFO: fsg_search.c(170): Added 0 alternate word transitions
INFO: fsg_lextree.c(105): Allocated 420 bytes (0 KiB) for left and right context phones
INFO: fsg_lextree.c(252): 42 HMM nodes in lextree (20 leaves)
INFO: fsg_lextree.c(254): Allocated 6048 bytes (5 KiB) for all lextree nodes
INFO: fsg_lextree.c(257): Allocated 2880 bytes (2 KiB) for lextree leafnodes
INFO: pocketsphinx_batch.c(836): Decoding 'copalidle-01'
INFO: cmn.c(200): CMN: 60.8411,16.1319,-15.7352,12.6093,-33.5111,-1.42383,2.89881,-14.4139,10.543,-22.391,20.3427,-8.08226,-12.1272
INFO: fsg_search.c(857): 134 frames, 663 HMMs (4/fr), 1488 senones (11/fr), 279 history entries (2/fr)

INFO: fsg_search.c(872): fsg 0.01 CPU 0.011 xRT
INFO: fsg_search.c(874): fsg 0.01 wall 0.011 xRT
INFO: fsg_search.c(1265): Start node candidate <sil>.0:2:8
INFO: fsg_search.c(1265): Start node candidate <sil>.0:2:8
INFO: fsg_search.c(1304): End node candidate <sil>.122:124:133 (-1237)
INFO: fsg_search.c(1304): End node candidate <sil>.122:124:133 (-1237)
INFO: fsg_search.c(1304): End node candidate <sil>.122:124:133 (-1237)
INFO: fsg_search.c(1304): End node candidate <sil>.122:124:133 (-1237)
INFO: fsg_search.c(1304): End node candidate idle.65:109:133 (-5768)
INFO: fsg_search.c(1529): lattice start node <s>.0 end node </s>.134
INFO: ps_lattice.c(1382): Bestpath score: -15136
INFO: ps_lattice.c(1383): Normalizer P(O) = alpha(</s>:134:134) = -768030
INFO: ps_lattice.c(1443): Joint P(O,S) = -774962 P(S|O) = -6932
INFO: pocketsphinx_batch.c(879): copalidle-01: 1.34 seconds speech, 0.02 seconds CPU, 0.02 seconds wall
INFO: pocketsphinx_batch.c(881): copalidle-01: 0.01 xRT (CPU), 0.01 xRT (elapsed)
copal idle (copalidle-01 -15136)
copalidle-01 done --------------------------------------
INFO: pocketsphinx_batch.c(836): Decoding 'copalidle-02'
INFO: cmn.c(200): CMN: 58.864,16.6273,-17.7177,11.831,-31.4079,-4.56349,5.76495,-15.1677,10.3641,-18.9044,16.4713,0.536433,-15.9399
INFO: fsg_search.c(857): 145 frames, 749 HMMs (5/fr), 1671 senones (11/fr), 315 history entries (2/fr)

INFO: fsg_search.c(872): fsg 0.02 CPU 0.011 xRT
INFO: fsg_search.c(874): fsg 0.02 wall 0.011 xRT
INFO: fsg_search.c(1265): Start node candidate <sil>.0:2:12
INFO: fsg_search.c(1265): Start node candidate <sil>.0:2:12
INFO: fsg_search.c(1304): End node candidate <sil>.136:138:144 (-1117)
INFO: fsg_search.c(1304): End node candidate <sil>.136:138:144 (-1117)
INFO: fsg_search.c(1304): End node candidate <sil>.136:138:144 (-1117)
INFO: fsg_search.c(1304): End node candidate <sil>.136:138:144 (-1117)
INFO: fsg_search.c(1304): End node candidate idle.77:119:144 (-4918)
INFO: fsg_search.c(1529): lattice start node <s>.0 end node </s>.145
INFO: ps_lattice.c(1382): Bestpath score: -14151
INFO: ps_lattice.c(1383): Normalizer P(O) = alpha(</s>:145:145) = -717553
INFO: ps_lattice.c(1443): Joint P(O,S) = -724529 P(S|O) = -6976
INFO: pocketsphinx_batch.c(879): copalidle-02: 1.45 seconds speech, 0.02 seconds CPU, 0.02 seconds wall
INFO: pocketsphinx_batch.c(881): copalidle-02: 0.01 xRT (CPU), 0.01 xRT (elapsed)
copal idle (copalidle-02 -14151)
copalidle-02 done --------------------------------------
INFO: pocketsphinx_batch.c(836): Decoding 'copalidle-03'
INFO: cmn.c(200): CMN: 59.8558,15.8615,-19.4374,12.9166,-33.0442,-2.51684,5.05119,-14.462,14.4338,-20.1504,18.9772,-0.822943,-16.4933
INFO: fsg_search.c(857): 142 frames, 693 HMMs (4/fr), 1563 senones (11/fr), 314 history entries (2/fr)

INFO: fsg_search.c(872): fsg 0.01 CPU 0.010 xRT
INFO: fsg_search.c(874): fsg 0.01 wall 0.010 xRT
INFO: fsg_search.c(1265): Start node candidate <sil>.0:2:15
INFO: fsg_search.c(1265): Start node candidate <sil>.0:2:15
INFO: fsg_search.c(1304): End node candidate <sil>.127:129:141 (-1390)
INFO: fsg_search.c(1304): End node candidate <sil>.127:129:141 (-1390)
INFO: fsg_search.c(1304): End node candidate <sil>.127:129:141 (-1390)
INFO: fsg_search.c(1304): End node candidate <sil>.127:129:141 (-1390)
INFO: fsg_search.c(1304): End node candidate idle.74:118:141 (-4883)
INFO: fsg_search.c(1529): lattice start node <s>.0 end node </s>.142
INFO: ps_lattice.c(1382): Bestpath score: -13960
INFO: ps_lattice.c(1383): Normalizer P(O) = alpha(</s>:142:142) = -707818
INFO: ps_lattice.c(1443): Joint P(O,S) = -714750 P(S|O) = -6932
INFO: pocketsphinx_batch.c(879): copalidle-03: 1.42 seconds speech, 0.01 seconds CPU, 0.02 seconds wall
INFO: pocketsphinx_batch.c(881): copalidle-03: 0.01 xRT (CPU), 0.01 xRT (elapsed)
copal idle (copalidle-03 -13960)
copalidle-03 done --------------------------------------
INFO: pocketsphinx_batch.c(836): Decoding 'copalidle-04'
INFO: cmn.c(200): CMN: 60.3373,16.9358,-18.878,13.1541,-30.2068,0.763569,4.14694,-19.4569,12.4054,-20.6602,16.6654,1.90211,-16.7293
INFO: fsg_search.c(857): 145 frames, 728 HMMs (5/fr), 1653 senones (11/fr), 307 history entries (2/fr)

INFO: fsg_search.c(872): fsg 0.01 CPU 0.010 xRT
INFO: fsg_search.c(874): fsg 0.01 wall 0.010 xRT
INFO: fsg_search.c(1265): Start node candidate <sil>.0:2:17
INFO: fsg_search.c(1265): Start node candidate <sil>.0:2:17
INFO: fsg_search.c(1304): End node candidate <sil>.135:137:144 (-1036)
INFO: fsg_search.c(1304): End node candidate <sil>.135:137:144 (-1036)
INFO: fsg_search.c(1304): End node candidate <sil>.135:137:144 (-1036)
INFO: fsg_search.c(1304): End node candidate <sil>.135:137:144 (-1036)
INFO: fsg_search.c(1304): End node candidate idle.77:121:144 (-5466)
INFO: fsg_search.c(1529): lattice start node <s>.0 end node </s>.145
INFO: ps_lattice.c(1382): Bestpath score: -15359
INFO: ps_lattice.c(1383): Normalizer P(O) = alpha(</s>:145:145) = -779447
INFO: ps_lattice.c(1443): Joint P(O,S) = -786379 P(S|O) = -6932
INFO: pocketsphinx_batch.c(879): copalidle-04: 1.45 seconds speech, 0.02 seconds CPU, 0.02 seconds wall
INFO: pocketsphinx_batch.c(881): copalidle-04: 0.01 xRT (CPU), 0.01 xRT (elapsed)
copal idle (copalidle-04 -15359)
copalidle-04 done --------------------------------------
INFO: pocketsphinx_batch.c(836): Decoding 'copalidle-05'
INFO: cmn.c(200): CMN: 61.2688,16.1981,-20.6004,11.2272,-33.5419,-1.9225,4.96893,-19.6167,14.2355,-23.3186,18.5736,0.790986,-14.9425
INFO: fsg_search.c(857): 134 frames, 645 HMMs (4/fr), 1461 senones (10/fr), 259 history entries (1/fr)

INFO: fsg_search.c(872): fsg 0.01 CPU 0.010 xRT
INFO: fsg_search.c(874): fsg 0.01 wall 0.010 xRT
INFO: fsg_search.c(1265): Start node candidate <sil>.0:2:10
INFO: fsg_search.c(1265): Start node candidate <sil>.0:2:10
INFO: fsg_search.c(1304): End node candidate <sil>.123:125:133 (-1141)
INFO: fsg_search.c(1304): End node candidate <sil>.123:125:133 (-1141)
INFO: fsg_search.c(1304): End node candidate <sil>.123:125:133 (-1141)
INFO: fsg_search.c(1304): End node candidate <sil>.123:125:133 (-1141)
INFO: fsg_search.c(1304): End node candidate idle.65:111:133 (-5365)
INFO: fsg_search.c(1529): lattice start node <s>.0 end node </s>.134
INFO: ps_lattice.c(1382): Bestpath score: -13840
INFO: ps_lattice.c(1383): Normalizer P(O) = alpha(</s>:134:134) = -701674
INFO: ps_lattice.c(1443): Joint P(O,S) = -708606 P(S|O) = -6932
INFO: pocketsphinx_batch.c(879): copalidle-05: 1.34 seconds speech, 0.01 seconds CPU, 0.01 seconds wall
INFO: pocketsphinx_batch.c(881): copalidle-05: 0.01 xRT (CPU), 0.01 xRT (elapsed)
copal idle (copalidle-05 -13840)
copalidle-05 done --------------------------------------
INFO: pocketsphinx_batch.c(836): Decoding 'copalidle-06'
INFO: cmn.c(200): CMN: 63.3715,16.584,-20.5909,11.8313,-32.3964,-0.69265,6.92032,-21.4126,13.2017,-22.3406,21.4521,-4.12466,-17.7271
INFO: fsg_search.c(857): 133 frames, 628 HMMs (4/fr), 1446 senones (10/fr), 244 history entries (1/fr)

INFO: fsg_search.c(872): fsg 0.01 CPU 0.010 xRT
INFO: fsg_search.c(874): fsg 0.01 wall 0.010 xRT
INFO: fsg_search.c(1265): Start node candidate <sil>.0:2:10
INFO: fsg_search.c(1265): Start node candidate <sil>.0:2:10
INFO: fsg_search.c(1304): End node candidate <sil>.123:125:132 (-1020)
INFO: fsg_search.c(1304): End node candidate <sil>.123:125:132 (-1020)
INFO: fsg_search.c(1304): End node candidate <sil>.123:125:132 (-1020)
INFO: fsg_search.c(1304): End node candidate <sil>.123:125:132 (-1020)
INFO: fsg_search.c(1304): End node candidate idle.70:112:132 (-5038)
INFO: fsg_search.c(1529): lattice start node <s>.0 end node </s>.133
INFO: ps_lattice.c(1382): Bestpath score: -13696
INFO: ps_lattice.c(1383): Normalizer P(O) = alpha(</s>:133:133) = -694300
INFO: ps_lattice.c(1443): Joint P(O,S) = -701233 P(S|O) = -6933
INFO: pocketsphinx_batch.c(879): copalidle-06: 1.33 seconds speech, 0.01 seconds CPU, 0.01 seconds wall
INFO: pocketsphinx_batch.c(881): copalidle-06: 0.01 xRT (CPU), 0.01 xRT (elapsed)
copal idle (copalidle-06 -13696)
copalidle-06 done --------------------------------------
INFO: pocketsphinx_batch.c(836): Decoding 'copalidle-07'
INFO: cmn.c(200): CMN: 61.5686,15.7454,-19.8832,11.155,-31.8764,-2.38474,6.55469,-19.7616,8.91496,-19.3231,21.72,-2.91736,-16.1983
INFO: fsg_search.c(857): 142 frames, 669 HMMs (4/fr), 1509 senones (10/fr), 311 history entries (2/fr)

INFO: fsg_search.c(872): fsg 0.01 CPU 0.010 xRT
INFO: fsg_search.c(874): fsg 0.01 wall 0.010 xRT
INFO: fsg_search.c(1265): Start node candidate <sil>.0:2:14
INFO: fsg_search.c(1265): Start node candidate <sil>.0:2:14
INFO: fsg_search.c(1304): End node candidate <sil>.127:129:141 (-1077)
INFO: fsg_search.c(1304): End node candidate <sil>.127:129:141 (-1077)
INFO: fsg_search.c(1304): End node candidate <sil>.127:129:141 (-1077)
INFO: fsg_search.c(1304): End node candidate <sil>.127:129:141 (-1077)
INFO: fsg_search.c(1304): End node candidate idle.72:116:141 (-5070)
INFO: fsg_search.c(1529): lattice start node <s>.0 end node </s>.142
INFO: ps_lattice.c(1382): Bestpath score: -13506
INFO: ps_lattice.c(1383): Normalizer P(O) = alpha(</s>:142:142) = -684572
INFO: ps_lattice.c(1443): Joint P(O,S) = -691506 P(S|O) = -6934
INFO: pocketsphinx_batch.c(879): copalidle-07: 1.42 seconds speech, 0.01 seconds CPU, 0.01 seconds wall
INFO: pocketsphinx_batch.c(881): copalidle-07: 0.01 xRT (CPU), 0.01 xRT (elapsed)
copal idle (copalidle-07 -13506)
copalidle-07 done --------------------------------------
INFO: pocketsphinx_batch.c(836): Decoding 'copalidle-08'
INFO: cmn.c(200): CMN: 61.9042,16.3395,-20.2303,13.1067,-31.2708,-1.28766,6.76219,-21.8988,9.64172,-15.8047,20.0639,-2.27791,-15.2029
INFO: fsg_search.c(857): 141 frames, 706 HMMs (5/fr), 1575 senones (11/fr), 308 history entries (2/fr)

INFO: fsg_search.c(872): fsg 0.01 CPU 0.010 xRT
INFO: fsg_search.c(874): fsg 0.01 wall 0.010 xRT
INFO: fsg_search.c(1265): Start node candidate <sil>.0:2:9
INFO: fsg_search.c(1265): Start node candidate <sil>.0:2:9
INFO: fsg_search.c(1304): End node candidate <sil>.126:128:140 (-1155)
INFO: fsg_search.c(1304): End node candidate <sil>.126:128:140 (-1155)
INFO: fsg_search.c(1304): End node candidate <sil>.126:128:140 (-1155)
INFO: fsg_search.c(1304): End node candidate <sil>.126:128:140 (-1155)
INFO: fsg_search.c(1529): lattice start node <s>.0 end node </s>.141
INFO: ps_lattice.c(1382): Bestpath score: -15757
INFO: ps_lattice.c(1383): Normalizer P(O) = alpha(</s>:141:141) = -785960
INFO: ps_lattice.c(1443): Joint P(O,S) = -806756 P(S|O) = -20796
INFO: pocketsphinx_batch.c(879): copalidle-08: 1.41 seconds speech, 0.01 seconds CPU, 0.01 seconds wall
INFO: pocketsphinx_batch.c(881): copalidle-08: 0.01 xRT (CPU), 0.01 xRT (elapsed)
copal idle (copalidle-08 -15757)
copalidle-08 done --------------------------------------
INFO: pocketsphinx_batch.c(836): Decoding 'copalidle-09'
INFO: cmn.c(200): CMN: 61.6513,15.1663,-21.137,12.3498,-31.8139,-0.115638,5.26939,-17.7193,9.3447,-17.2045,19.1688,-3.04327,-14.1434
INFO: fsg_search.c(857): 145 frames, 731 HMMs (5/fr), 1617 senones (11/fr), 348 history entries (2/fr)

INFO: fsg_search.c(872): fsg 0.01 CPU 0.010 xRT
INFO: fsg_search.c(874): fsg 0.01 wall 0.010 xRT
INFO: fsg_search.c(1265): Start node candidate <sil>.0:2:15
INFO: fsg_search.c(1265): Start node candidate <sil>.0:2:15
INFO: fsg_search.c(1304): End node candidate <sil>.127:129:144 (-1315)
INFO: fsg_search.c(1304): End node candidate <sil>.127:129:144 (-1315)
INFO: fsg_search.c(1304): End node candidate <sil>.127:129:144 (-1315)
INFO: fsg_search.c(1304): End node candidate <sil>.127:129:144 (-1315)
INFO: fsg_search.c(1304): End node candidate idle.71:117:144 (-5151)
INFO: fsg_search.c(1529): lattice start node <s>.0 end node </s>.145
INFO: ps_lattice.c(1382): Bestpath score: -13413
INFO: ps_lattice.c(1383): Normalizer P(O) = alpha(</s>:145:145) = -679812
INFO: ps_lattice.c(1443): Joint P(O,S) = -686744 P(S|O) = -6932
INFO: pocketsphinx_batch.c(879): copalidle-09: 1.45 seconds speech, 0.02 seconds CPU, 0.02 seconds wall
INFO: pocketsphinx_batch.c(881): copalidle-09: 0.01 xRT (CPU), 0.01 xRT (elapsed)
copal idle (copalidle-09 -13413)
copalidle-09 done --------------------------------------
INFO: pocketsphinx_batch.c(836): Decoding 'copalidle-10'
INFO: cmn.c(200): CMN: 60.244,14.1268,-20.2502,11.1611,-31.8943,0.80183,7.88689,-16.8762,11.4617,-13.0134,17.0738,0.548445,-15.4243
INFO: fsg_search.c(857): 142 frames, 729 HMMs (5/fr), 1623 senones (11/fr), 304 history entries (2/fr)

INFO: fsg_search.c(872): fsg 0.01 CPU 0.008 xRT
INFO: fsg_search.c(874): fsg 0.01 wall 0.008 xRT
INFO: fsg_search.c(1265): Start node candidate <sil>.0:2:16
INFO: fsg_search.c(1265): Start node candidate <sil>.0:2:16
INFO: fsg_search.c(1304): End node candidate <sil>.129:131:141 (-1202)
INFO: fsg_search.c(1304): End node candidate <sil>.129:131:141 (-1202)
INFO: fsg_search.c(1304): End node candidate <sil>.129:131:141 (-1202)
INFO: fsg_search.c(1304): End node candidate <sil>.129:131:141 (-1202)
INFO: fsg_search.c(1304): End node candidate idle.67:118:141 (-6369)
INFO: fsg_search.c(1529): lattice start node <s>.0 end node </s>.142
INFO: ps_lattice.c(1382): Bestpath score: -14902
INFO: ps_lattice.c(1383): Normalizer P(O) = alpha(</s>:142:142) = -756048
INFO: ps_lattice.c(1443): Joint P(O,S) = -762980 P(S|O) = -6932
INFO: pocketsphinx_batch.c(879): copalidle-10: 1.42 seconds speech, 0.01 seconds CPU, 0.01 seconds wall
INFO: pocketsphinx_batch.c(881): copalidle-10: 0.01 xRT (CPU), 0.01 xRT (elapsed)
copal idle (copalidle-10 -14902)
copalidle-10 done --------------------------------------
INFO: pocketsphinx_batch.c(836): Decoding 'copalidle-11'
INFO: cmn.c(200): CMN: 61.0367,18.8258,-19.9419,13.7415,-35.0498,-5.28406,8.17333,-9.87649,10.7611,-21.5655,16.2624,8.50161,-6.59398
INFO: fsg_search.c(857): 136 frames, 668 HMMs (4/fr), 1506 senones (11/fr), 260 history entries (1/fr)

INFO: fsg_search.c(872): fsg 0.01 CPU 0.008 xRT
INFO: fsg_search.c(874): fsg 0.01 wall 0.008 xRT
INFO: fsg_search.c(1265): Start node candidate <sil>.0:2:11
INFO: fsg_search.c(1265): Start node candidate <sil>.0:2:11
INFO: fsg_search.c(1304): End node candidate <sil>.126:128:135 (-1172)
INFO: fsg_search.c(1304): End node candidate <sil>.126:128:135 (-1172)
INFO: fsg_search.c(1304): End node candidate <sil>.126:128:135 (-1172)
INFO: fsg_search.c(1304): End node candidate <sil>.126:128:135 (-1172)
INFO: fsg_search.c(1304): End node candidate idle.62:110:135 (-6233)
INFO: fsg_search.c(1529): lattice start node <s>.0 end node </s>.136
INFO: ps_lattice.c(1382): Bestpath score: -14589
INFO: ps_lattice.c(1383): Normalizer P(O) = alpha(</s>:136:136) = -740023
INFO: ps_lattice.c(1443): Joint P(O,S) = -746955 P(S|O) = -6932
INFO: pocketsphinx_batch.c(879): copalidle-11: 1.36 seconds speech, 0.01 seconds CPU, 0.01 seconds wall
INFO: pocketsphinx_batch.c(881): copalidle-11: 0.01 xRT (CPU), 0.01 xRT (elapsed)
copal idle (copalidle-11 -14589)
copalidle-11 done --------------------------------------
INFO: pocketsphinx_batch.c(897): TOTAL 15.39 seconds speech, 0.16 seconds CPU, 0.16 seconds wall
INFO: pocketsphinx_batch.c(899): AVERAGE 0.01 xRT (CPU), 0.01 xRT (elapsed)
INFO: fsg_search.c(267): TOTAL fsg 0.15 CPU 0.010 xRT
INFO: fsg_search.c(270): TOTAL fsg 0.15 wall 0.010 xRT
Sat Dec 28 20:38:54 2024
