        INFO: pocketsphinx.c(128): Parsed model-specific feature parameters from /home/laurent/src/copal/new-model/model_parameters/copal.ci_semi/feat.params
INFO: cmd_ln.c(569): Current configuration:
[NAME]            [DEFLT]               [VALUE]
-agc               none                  none
-agcthresh         2.0                   2.000000e+00
-allphone                            
-allphone_ci       yes                   yes
-alpha             0.97                  9.700000e-01
-ascale            20.0                  2.000000e+01
-aw                1                     1
-backtrace         no                    no
-beam              1e-48                 1.000000e-80
-bestpath          yes                   yes
-bestpathlw        9.5                   1.000000e+01
-ceplen            13                    13
-cmn               live                  batch
-cmninit           40,3,-1               40,3,-1
-compallsen        no                    no
-dict                                    /home/laurent/src/copal/new-model/etc/copal.dic
-dictcase          no                    no
-dither            no                    no
-doublebw          no                    no
-ds                1                     1
-fdict                                   /home/laurent/src/copal/new-model/model_parameters/copal.ci_semi/noisedict
-feat              1s_c_d_dd             s2_4x
-featparams                              /home/laurent/src/copal/new-model/model_parameters/copal.ci_semi/feat.params
-fillprob          1e-8                  1.000000e-08
-frate             100                   100
-fsg                                 
-fsgusealtpron     yes                   yes
-fsgusefiller      yes                   yes
-fwdflat           yes                   yes
-fwdflatbeam       1e-64                 1.000000e-80
-fwdflatefwid      4                     4
-fwdflatlw         8.5                   1.000000e+01
-fwdflatsfwin      25                    25
-fwdflatwbeam      7e-29                 1.000000e-40
-fwdtree           yes                   yes
-hmm                                     /home/laurent/src/copal/new-model/model_parameters/copal.ci_semi
-input_endian      little                little
-jsgf                                    /home/laurent/src/copal/new-model/etc/copal.jsgf
-keyphrase                           
-kws                                 
-kws_delay         10                    10
-kws_plp           1e-1                  1.000000e-01
-kws_threshold     1e-30                 1.000000e-30
-latsize           5000                  5000
-lda                                 
-ldadim            0                     0
-lifter            0                     22
-lm                                  
-lmctl                               
-lmname                              
-logbase           1.0001                1.000100e+00
-logfn                               
-loglevel          WARN                  INFO
-logspec           no                    no
-lowerf            133.33334             1.300000e+02
-lpbeam            1e-40                 1.000000e-80
-lponlybeam        7e-29                 1.000000e-80
-lw                6.5                   1.000000e+01
-maxhmmpf          30000                 30000
-maxwpf            -1                    -1
-mdef                                    /home/laurent/src/copal/new-model/model_parameters/copal.ci_semi/mdef
-mean                                    /home/laurent/src/copal/new-model/model_parameters/copal.ci_semi/means
-mfclogdir                           
-min_endfr         0                     0
-mixw                                    /home/laurent/src/copal/new-model/model_parameters/copal.ci_semi/mixture_weights
-mixwfloor         0.0000001             1.000000e-07
-mllr                                
-mmap              yes                   yes
-ncep              13                    13
-nfft              0                     0
-nfilt             40                    25
-nwpen             1.0                   1.000000e+00
-pbeam             1e-48                 1.000000e-80
-pip               1.0                   1.000000e+00
-pl_beam           1e-10                 1.000000e-10
-pl_pbeam          1e-10                 1.000000e-10
-pl_pip            1.0                   1.000000e+00
-pl_weight         3.0                   3.000000e+00
-pl_window         5                     5
-rawlogdir                           
-remove_dc         no                    no
-remove_noise      no                    no
-round_filters     yes                   yes
-samprate          16000                 16000
-seed              -1                    -1
-sendump                             
-senlogdir                           
-senmgau                             
-silprob           0.005                 5.000000e-03
-smoothspec        no                    no
-svspec                              
-tmat                                    /home/laurent/src/copal/new-model/model_parameters/copal.ci_semi/transition_matrices
-tmatfloor         0.0001                1.000000e-04
-topn              4                     4
-topn_beam         0                     0
-toprule                             
-transform         legacy                dct
-unit_area         yes                   yes
-upperf            6855.4976             6.800000e+03
-uw                1.0                   1.000000e+00
-var                                     /home/laurent/src/copal/new-model/model_parameters/copal.ci_semi/variances
-varfloor          0.0001                1.000000e-04
-varnorm           no                    yes
-verbose           no                    no
-warp_params                         
-warp_type         inverse_linear        inverse_linear
-wbeam             7e-29                 1.000000e-40
-wip               0.65                  2.000000e-01
-wlen              0.025625              2.562500e-02

INFO: fe_interface.c(91): Frames are 410 samples at intervals of 160
INFO: fe_interface.c(108): FFT size automatically set to 512
INFO: feat.c(713): Initializing feature stream to type: 's2_4x', ceplen=13, CMN='batch', VARNORM='yes', AGC='none'
INFO: acmod.c(188): Setting initial CMN to 40,3,-1
INFO: cmn.c(124): Update from < 0,0,0,0,0,0,0,0,0,0,0,0,0 >
INFO: cmn.c(144): Update to   < 40,3,-1,0,0,0,0,0,0,0,0,0,0 >
INFO: mdef.c(515): Reading model definition: /home/laurent/src/copal/new-model/model_parameters/copal.ci_semi/mdef
INFO: bin_mdef.c(179): Allocating 60 * 8 bytes (0 KiB) for CD tree
INFO: tmat.c(147): Reading HMM transition probability matrices: /home/laurent/src/copal/new-model/model_parameters/copal.ci_semi/transition_matrices
INFO: acmod.c(107): Attempting to use PTM computation module
INFO: ms_gauden.c(128): Reading mixture gaussian parameter: /home/laurent/src/copal/new-model/model_parameters/copal.ci_semi/means
INFO: ms_gauden.c(243): 1 codebook, 4 feature, size: 
INFO: ms_gauden.c(245):  256x12
INFO: ms_gauden.c(245):  256x24
INFO: ms_gauden.c(245):  256x3
INFO: ms_gauden.c(245):  256x12
INFO: ms_gauden.c(128): Reading mixture gaussian parameter: /home/laurent/src/copal/new-model/model_parameters/copal.ci_semi/variances
INFO: ms_gauden.c(243): 1 codebook, 4 feature, size: 
INFO: ms_gauden.c(245):  256x12
INFO: ms_gauden.c(245):  256x24
INFO: ms_gauden.c(245):  256x3
INFO: ms_gauden.c(245):  256x12
INFO: ms_gauden.c(305): 410 variance values floored
INFO: ptm_mgau.c(836): Number of codebooks doesn't match number of ciphones, doesn't look like PTM: 1 != 14
INFO: acmod.c(109): Attempting to use semi-continuous computation module
INFO: ms_gauden.c(128): Reading mixture gaussian parameter: /home/laurent/src/copal/new-model/model_parameters/copal.ci_semi/means
INFO: ms_gauden.c(243): 1 codebook, 4 feature, size: 
INFO: ms_gauden.c(245):  256x12
INFO: ms_gauden.c(245):  256x24
INFO: ms_gauden.c(245):  256x3
INFO: ms_gauden.c(245):  256x12
INFO: ms_gauden.c(128): Reading mixture gaussian parameter: /home/laurent/src/copal/new-model/model_parameters/copal.ci_semi/variances
INFO: ms_gauden.c(243): 1 codebook, 4 feature, size: 
INFO: ms_gauden.c(245):  256x12
INFO: ms_gauden.c(245):  256x24
INFO: ms_gauden.c(245):  256x3
INFO: ms_gauden.c(245):  256x12
INFO: ms_gauden.c(305): 410 variance values floored
INFO: s2_semi_mgau.c(1100): Reading mixture weights file '/home/laurent/src/copal/new-model/model_parameters/copal.ci_semi/mixture_weights'
INFO: s2_semi_mgau.c(1193): Read 42 x 4 x 256 mixture weights
INFO: s2_semi_mgau.c(1298): Maximum top-N: 4 Top-N beams: 0 0 0 0
INFO: phone_loop_search.c(113): State beam -225 Phone exit beam -225 Insertion penalty 0
INFO: dict.c(316): Allocating 4105 * 32 bytes (128 KiB) for word entries
INFO: dict.c(331): Reading main dictionary: /home/laurent/src/copal/new-model/etc/copal.dic
INFO: dict.c(209): Dictionary size 6, allocated 0 KiB for strings, 0 KiB for phones
INFO: dict.c(334): 6 words read
INFO: dict.c(356): Reading filler dictionary: /home/laurent/src/copal/new-model/model_parameters/copal.ci_semi/noisedict
INFO: dict.c(209): Dictionary size 9, allocated 0 KiB for strings, 0 KiB for phones
INFO: dict.c(359): 3 words read
INFO: dict2pid.c(399): Building PID tables for dictionary
INFO: dict2pid.c(407): Allocating 14^3 * 2 bytes (5 KiB) for word-initial triphones
INFO: dict2pid.c(134): Allocated 4816 bytes (4 KiB) for word-final triphones
INFO: dict2pid.c(198): Allocated 4816 bytes (4 KiB) for single-phone word triphones
INFO: jsgf.c(646): Defined rule: <copal.request>
INFO: jsgf.c(646): Defined rule: <copal.g00001>
INFO: jsgf.c(646): Defined rule: <copal.object>
INFO: jsgf.c(646): Defined rule: PUBLIC <copal.command>
INFO: fsg_model.c(190): Computing transitive closure for null transitions
INFO: fsg_model.c(252): 14 null transitions added
INFO: fsg_search.c(222): FSG(beam: -1799, pbeam: -1799, wbeam: -900; wip: -158, pip: 0)
INFO: fsg_model.c(405): Adding silence transitions for <sil> to FSG
INFO: fsg_model.c(425): Added 14 silence word transitions
INFO: fsg_search.c(170): Added 0 alternate word transitions
INFO: fsg_lextree.c(105): Allocated 420 bytes (0 KiB) for left and right context phones
INFO: fsg_lextree.c(252): 42 HMM nodes in lextree (20 leaves)
INFO: fsg_lextree.c(254): Allocated 6048 bytes (5 KiB) for all lextree nodes
INFO: fsg_lextree.c(257): Allocated 2880 bytes (2 KiB) for lextree leafnodes
INFO: pocketsphinx_batch.c(836): Decoding 'copalzelda-02'
INFO: cmn.c(200): CMN: 59.4686,14.1878,-11.3318,10.2296,-26.7082,-1.78431,8.41514,-19.3361,5.18114,-11.0334,14.4744,0.194879,-13.7775
INFO: fsg_search.c(857): 145 frames, 600 HMMs (4/fr), 1434 senones (9/fr), 251 history entries (1/fr)

INFO: fsg_search.c(872): fsg 0.01 CPU 0.008 xRT
INFO: fsg_search.c(874): fsg 0.01 wall 0.008 xRT
INFO: fsg_search.c(1265): Start node candidate <sil>.0:2:14
INFO: fsg_search.c(1265): Start node candidate <sil>.0:2:14
INFO: fsg_search.c(1304): End node candidate <sil>.129:131:144 (-1290)
INFO: fsg_search.c(1304): End node candidate <sil>.129:131:144 (-1290)
INFO: fsg_search.c(1304): End node candidate <sil>.129:131:144 (-1290)
INFO: fsg_search.c(1304): End node candidate <sil>.129:131:144 (-1290)
INFO: fsg_search.c(1529): lattice start node <s>.0 end node </s>.145
INFO: ps_lattice.c(1382): Bestpath score: -17916
INFO: ps_lattice.c(1383): Normalizer P(O) = alpha(</s>:145:145) = -896501
INFO: ps_lattice.c(1443): Joint P(O,S) = -917297 P(S|O) = -20796
INFO: pocketsphinx_batch.c(879): copalzelda-02: 1.45 seconds speech, 0.01 seconds CPU, 0.01 seconds wall
INFO: pocketsphinx_batch.c(881): copalzelda-02: 0.01 xRT (CPU), 0.01 xRT (elapsed)
copal zelda (copalzelda-02 -17916)
copalzelda-02 done --------------------------------------
INFO: pocketsphinx_batch.c(836): Decoding 'copalzelda-03'
INFO: cmn.c(200): CMN: 58.5807,14.2728,-11.0973,7.60921,-24.0601,-3.48565,8.56574,-15.7163,7.52402,-11.5532,16.9579,0.454295,-16.7212
INFO: fsg_search.c(857): 157 frames, 808 HMMs (5/fr), 1851 senones (11/fr), 268 history entries (1/fr)

INFO: fsg_search.c(872): fsg 0.01 CPU 0.008 xRT
INFO: fsg_search.c(874): fsg 0.01 wall 0.008 xRT
INFO: fsg_search.c(1265): Start node candidate <sil>.0:2:15
INFO: fsg_search.c(1265): Start node candidate <sil>.0:2:15
INFO: fsg_search.c(1304): End node candidate <sil>.143:145:156 (-1303)
INFO: fsg_search.c(1304): End node candidate <sil>.143:145:156 (-1303)
INFO: fsg_search.c(1304): End node candidate <sil>.143:145:156 (-1303)
INFO: fsg_search.c(1304): End node candidate <sil>.143:145:156 (-1303)
INFO: fsg_search.c(1529): lattice start node <s>.0 end node </s>.157
INFO: ps_lattice.c(1382): Bestpath score: -20735
INFO: ps_lattice.c(1383): Normalizer P(O) = alpha(</s>:157:157) = -1040834
INFO: ps_lattice.c(1443): Joint P(O,S) = -1061630 P(S|O) = -20796
INFO: pocketsphinx_batch.c(879): copalzelda-03: 1.57 seconds speech, 0.01 seconds CPU, 0.01 seconds wall
INFO: pocketsphinx_batch.c(881): copalzelda-03: 0.01 xRT (CPU), 0.01 xRT (elapsed)
copal zelda (copalzelda-03 -20735)
copalzelda-03 done --------------------------------------
INFO: pocketsphinx_batch.c(836): Decoding 'copalzelda-04'
INFO: cmn.c(200): CMN: 58.1265,16.4453,-11.88,9.95263,-24.3748,-2.92609,6.67795,-17.0166,4.58916,-12.9463,13.3975,-2.51023,-18.821
INFO: fsg_search.c(857): 156 frames, 841 HMMs (5/fr), 1890 senones (12/fr), 290 history entries (1/fr)

INFO: fsg_search.c(872): fsg 0.01 CPU 0.008 xRT
INFO: fsg_search.c(874): fsg 0.01 wall 0.008 xRT
INFO: fsg_search.c(1265): Start node candidate <sil>.0:2:11
INFO: fsg_search.c(1265): Start node candidate <sil>.0:2:11
INFO: fsg_search.c(1304): End node candidate <sil>.140:142:155 (-1342)
INFO: fsg_search.c(1304): End node candidate <sil>.140:142:155 (-1342)
INFO: fsg_search.c(1304): End node candidate <sil>.140:142:155 (-1342)
INFO: fsg_search.c(1304): End node candidate <sil>.140:142:155 (-1342)
INFO: fsg_search.c(1529): lattice start node <s>.0 end node </s>.156
INFO: ps_lattice.c(1382): Bestpath score: -20367
INFO: ps_lattice.c(1383): Normalizer P(O) = alpha(</s>:156:156) = -1021992
INFO: ps_lattice.c(1443): Joint P(O,S) = -1042788 P(S|O) = -20796
INFO: pocketsphinx_batch.c(879): copalzelda-04: 1.56 seconds speech, 0.01 seconds CPU, 0.01 seconds wall
INFO: pocketsphinx_batch.c(881): copalzelda-04: 0.01 xRT (CPU), 0.01 xRT (elapsed)
copal zelda (copalzelda-04 -20367)
copalzelda-04 done --------------------------------------
INFO: pocketsphinx_batch.c(836): Decoding 'copalzelda-05'
INFO: cmn.c(200): CMN: 60.8822,14.222,-12.7768,11.9556,-26.4061,-4.93759,9.08893,-20.0965,4.73893,-13.8891,15.2743,-0.468186,-20.2614
INFO: fsg_search.c(857): 141 frames, 578 HMMs (4/fr), 1368 senones (9/fr), 246 history entries (1/fr)

INFO: fsg_search.c(872): fsg 0.01 CPU 0.008 xRT
INFO: fsg_search.c(874): fsg 0.01 wall 0.008 xRT
INFO: fsg_search.c(1265): Start node candidate <sil>.0:2:15
INFO: fsg_search.c(1265): Start node candidate <sil>.0:2:15
INFO: fsg_search.c(1304): End node candidate <sil>.125:127:140 (-1174)
INFO: fsg_search.c(1304): End node candidate <sil>.125:127:140 (-1174)
INFO: fsg_search.c(1304): End node candidate <sil>.125:127:140 (-1174)
INFO: fsg_search.c(1304): End node candidate <sil>.125:127:140 (-1174)
INFO: fsg_search.c(1529): lattice start node <s>.0 end node </s>.141
INFO: ps_lattice.c(1382): Bestpath score: -17394
INFO: ps_lattice.c(1383): Normalizer P(O) = alpha(</s>:141:141) = -869774
INFO: ps_lattice.c(1443): Joint P(O,S) = -890570 P(S|O) = -20796
INFO: pocketsphinx_batch.c(879): copalzelda-05: 1.41 seconds speech, 0.01 seconds CPU, 0.01 seconds wall
INFO: pocketsphinx_batch.c(881): copalzelda-05: 0.01 xRT (CPU), 0.01 xRT (elapsed)
copal zelda (copalzelda-05 -17394)
copalzelda-05 done --------------------------------------
INFO: pocketsphinx_batch.c(836): Decoding 'copalzelda-06'
INFO: cmn.c(200): CMN: 59.633,13.7074,-11.3961,11.6057,-24.186,-4.57822,9.7028,-20.6715,0.728089,-13.0927,10.6508,-2.41355,-21.1431
INFO: fsg_search.c(857): 142 frames, 594 HMMs (4/fr), 1392 senones (9/fr), 242 history entries (1/fr)

INFO: fsg_search.c(872): fsg 0.01 CPU 0.008 xRT
INFO: fsg_search.c(874): fsg 0.01 wall 0.008 xRT
INFO: fsg_search.c(1265): Start node candidate <sil>.0:2:15
INFO: fsg_search.c(1265): Start node candidate <sil>.0:2:15
INFO: fsg_search.c(1304): End node candidate <sil>.126:128:141 (-1184)
INFO: fsg_search.c(1304): End node candidate <sil>.126:128:141 (-1184)
INFO: fsg_search.c(1304): End node candidate <sil>.126:128:141 (-1184)
INFO: fsg_search.c(1304): End node candidate <sil>.126:128:141 (-1184)
INFO: fsg_search.c(1529): lattice start node <s>.0 end node </s>.142
INFO: ps_lattice.c(1382): Bestpath score: -17721
INFO: ps_lattice.c(1383): Normalizer P(O) = alpha(</s>:142:142) = -886517
INFO: ps_lattice.c(1443): Joint P(O,S) = -907313 P(S|O) = -20796
INFO: pocketsphinx_batch.c(879): copalzelda-06: 1.42 seconds speech, 0.01 seconds CPU, 0.01 seconds wall
INFO: pocketsphinx_batch.c(881): copalzelda-06: 0.01 xRT (CPU), 0.01 xRT (elapsed)
copal zelda (copalzelda-06 -17721)
copalzelda-06 done --------------------------------------
INFO: pocketsphinx_batch.c(836): Decoding 'copalzelda-07'
INFO: cmn.c(200): CMN: 60.256,13.3522,-14.0171,11.3756,-29.302,-2.71289,9.06209,-20.7715,6.83131,-11.1888,12.7004,2.3843,-23.068
INFO: fsg_search.c(857): 161 frames, 647 HMMs (4/fr), 1473 senones (9/fr), 331 history entries (2/fr)

INFO: fsg_search.c(872): fsg 0.01 CPU 0.008 xRT
INFO: fsg_search.c(874): fsg 0.01 wall 0.008 xRT
INFO: fsg_search.c(1265): Start node candidate <sil>.0:2:16
INFO: fsg_search.c(1265): Start node candidate <sil>.0:2:16
INFO: fsg_search.c(1304): End node candidate <sil>.135:137:160 (-1528)
INFO: fsg_search.c(1304): End node candidate <sil>.135:137:160 (-1528)
INFO: fsg_search.c(1304): End node candidate <sil>.135:137:160 (-1528)
INFO: fsg_search.c(1304): End node candidate <sil>.135:137:160 (-1528)
INFO: fsg_search.c(1529): lattice start node <s>.0 end node </s>.161
INFO: ps_lattice.c(1382): Bestpath score: -18990
INFO: ps_lattice.c(1383): Normalizer P(O) = alpha(</s>:161:161) = -951490
INFO: ps_lattice.c(1443): Joint P(O,S) = -972286 P(S|O) = -20796
INFO: pocketsphinx_batch.c(879): copalzelda-07: 1.61 seconds speech, 0.01 seconds CPU, 0.01 seconds wall
INFO: pocketsphinx_batch.c(881): copalzelda-07: 0.01 xRT (CPU), 0.01 xRT (elapsed)
copal zelda (copalzelda-07 -18990)
copalzelda-07 done --------------------------------------
INFO: pocketsphinx_batch.c(836): Decoding 'copalzelda-08'
INFO: cmn.c(200): CMN: 59.4425,14.6225,-11.7901,9.60938,-24.2901,-5.60944,9.35228,-18.8584,4.78713,-10.7248,11.7201,-1.07968,-21.0638
INFO: fsg_search.c(857): 150 frames, 613 HMMs (4/fr), 1431 senones (9/fr), 277 history entries (1/fr)

INFO: fsg_search.c(872): fsg 0.01 CPU 0.008 xRT
INFO: fsg_search.c(874): fsg 0.01 wall 0.008 xRT
INFO: fsg_search.c(1265): Start node candidate <sil>.0:2:15
INFO: fsg_search.c(1265): Start node candidate <sil>.0:2:15
INFO: fsg_search.c(1304): End node candidate <sil>.129:131:149 (-1487)
INFO: fsg_search.c(1304): End node candidate <sil>.129:131:149 (-1487)
INFO: fsg_search.c(1304): End node candidate <sil>.129:131:149 (-1487)
INFO: fsg_search.c(1304): End node candidate <sil>.129:131:149 (-1487)
INFO: fsg_search.c(1529): lattice start node <s>.0 end node </s>.150
INFO: ps_lattice.c(1382): Bestpath score: -18177
INFO: ps_lattice.c(1383): Normalizer P(O) = alpha(</s>:150:150) = -909864
INFO: ps_lattice.c(1443): Joint P(O,S) = -930660 P(S|O) = -20796
INFO: pocketsphinx_batch.c(879): copalzelda-08: 1.50 seconds speech, 0.01 seconds CPU, 0.01 seconds wall
INFO: pocketsphinx_batch.c(881): copalzelda-08: 0.01 xRT (CPU), 0.01 xRT (elapsed)
copal zelda (copalzelda-08 -18177)
copalzelda-08 done --------------------------------------
INFO: pocketsphinx_batch.c(836): Decoding 'copalzelda-09'
INFO: cmn.c(200): CMN: 61.0849,13.2373,-13.6548,11.0707,-26.1091,-2.82448,6.89032,-23.894,9.02562,-11.2423,11.5706,1.84218,-20.9682
INFO: fsg_search.c(857): 148 frames, 587 HMMs (3/fr), 1380 senones (9/fr), 255 history entries (1/fr)

INFO: fsg_search.c(872): fsg 0.01 CPU 0.008 xRT
INFO: fsg_search.c(874): fsg 0.01 wall 0.008 xRT
INFO: fsg_search.c(1265): Start node candidate <sil>.0:2:17
INFO: fsg_search.c(1265): Start node candidate <sil>.0:2:17
INFO: fsg_search.c(1304): End node candidate <sil>.132:134:147 (-1274)
INFO: fsg_search.c(1304): End node candidate <sil>.132:134:147 (-1274)
INFO: fsg_search.c(1304): End node candidate <sil>.132:134:147 (-1274)
INFO: fsg_search.c(1304): End node candidate <sil>.132:134:147 (-1274)
INFO: fsg_search.c(1529): lattice start node <s>.0 end node </s>.148
INFO: ps_lattice.c(1382): Bestpath score: -17836
INFO: ps_lattice.c(1383): Normalizer P(O) = alpha(</s>:148:148) = -892405
INFO: ps_lattice.c(1443): Joint P(O,S) = -913201 P(S|O) = -20796
INFO: pocketsphinx_batch.c(879): copalzelda-09: 1.48 seconds speech, 0.01 seconds CPU, 0.01 seconds wall
INFO: pocketsphinx_batch.c(881): copalzelda-09: 0.01 xRT (CPU), 0.01 xRT (elapsed)
copal zelda (copalzelda-09 -17836)
copalzelda-09 done --------------------------------------
INFO: pocketsphinx_batch.c(836): Decoding 'copalzelda-10'
INFO: cmn.c(200): CMN: 59.9427,13.3962,-13.0708,8.99139,-27.3609,-5.87413,5.40222,-16.6943,5.20529,-11.8849,11.8151,4.58837,-19.6231
INFO: fsg_search.c(857): 154 frames, 617 HMMs (4/fr), 1416 senones (9/fr), 314 history entries (2/fr)

INFO: fsg_search.c(872): fsg 0.01 CPU 0.008 xRT
INFO: fsg_search.c(874): fsg 0.01 wall 0.008 xRT
INFO: fsg_search.c(1265): Start node candidate <sil>.0:2:19
INFO: fsg_search.c(1265): Start node candidate <sil>.0:2:19
INFO: fsg_search.c(1304): End node candidate <sil>.130:132:153 (-1382)
INFO: fsg_search.c(1304): End node candidate <sil>.130:132:153 (-1382)
INFO: fsg_search.c(1304): End node candidate <sil>.130:132:153 (-1382)
INFO: fsg_search.c(1304): End node candidate <sil>.130:132:153 (-1382)
INFO: fsg_search.c(1529): lattice start node <s>.0 end node </s>.154
INFO: ps_lattice.c(1382): Bestpath score: -18337
INFO: ps_lattice.c(1383): Normalizer P(O) = alpha(</s>:154:154) = -918056
INFO: ps_lattice.c(1443): Joint P(O,S) = -938852 P(S|O) = -20796
INFO: pocketsphinx_batch.c(879): copalzelda-10: 1.54 seconds speech, 0.01 seconds CPU, 0.01 seconds wall
INFO: pocketsphinx_batch.c(881): copalzelda-10: 0.01 xRT (CPU), 0.01 xRT (elapsed)
copal zelda (copalzelda-10 -18337)
copalzelda-10 done --------------------------------------
INFO: pocketsphinx_batch.c(836): Decoding 'copalzelda-11'
INFO: cmn.c(200): CMN: 62.0597,14.882,-16.5388,13.8593,-28.0012,-5.39823,9.88693,-17.0982,8.34619,-17.9087,16.2309,2.37036,-6.02575
INFO: fsg_search.c(857): 140 frames, 571 HMMs (4/fr), 1377 senones (9/fr), 221 history entries (1/fr)

INFO: fsg_search.c(872): fsg 0.01 CPU 0.008 xRT
INFO: fsg_search.c(874): fsg 0.01 wall 0.008 xRT
INFO: fsg_search.c(1265): Start node candidate <sil>.0:2:14
INFO: fsg_search.c(1265): Start node candidate <sil>.0:2:14
INFO: fsg_search.c(1304): End node candidate <sil>.126:128:139 (-1276)
INFO: fsg_search.c(1304): End node candidate <sil>.126:128:139 (-1276)
INFO: fsg_search.c(1304): End node candidate <sil>.126:128:139 (-1276)
INFO: fsg_search.c(1304): End node candidate <sil>.126:128:139 (-1276)
INFO: fsg_search.c(1529): lattice start node <s>.0 end node </s>.140
INFO: ps_lattice.c(1382): Bestpath score: -17870
INFO: ps_lattice.c(1383): Normalizer P(O) = alpha(</s>:140:140) = -894146
INFO: ps_lattice.c(1443): Joint P(O,S) = -914942 P(S|O) = -20796
INFO: pocketsphinx_batch.c(879): copalzelda-11: 1.40 seconds speech, 0.01 seconds CPU, 0.01 seconds wall
INFO: pocketsphinx_batch.c(881): copalzelda-11: 0.01 xRT (CPU), 0.01 xRT (elapsed)
copal zelda (copalzelda-11 -17870)
copalzelda-11 done --------------------------------------
INFO: pocketsphinx_batch.c(836): Decoding 'copalrickroll-01'
INFO: cmn.c(200): CMN: 58.6224,19.6256,-12.5166,10.3774,-29.8419,1.34914,2.43361,-17.3956,12.6493,-19.2769,2.7013,4.42897,-13.5778
INFO: fsg_search.c(857): 135 frames, 597 HMMs (4/fr), 1416 senones (10/fr), 233 history entries (1/fr)

INFO: fsg_search.c(872): fsg 0.01 CPU 0.008 xRT
INFO: fsg_search.c(874): fsg 0.01 wall 0.008 xRT
INFO: fsg_search.c(1265): Start node candidate <sil>.0:2:7
INFO: fsg_search.c(1265): Start node candidate <sil>.0:2:7
INFO: fsg_search.c(1304): End node candidate <sil>.123:125:134 (-1107)
INFO: fsg_search.c(1304): End node candidate <sil>.123:125:134 (-1107)
INFO: fsg_search.c(1304): End node candidate <sil>.123:125:134 (-1107)
INFO: fsg_search.c(1304): End node candidate <sil>.123:125:134 (-1107)
INFO: fsg_search.c(1304): End node candidate rickroll.58:113:134 (-6410)
INFO: fsg_search.c(1529): lattice start node <s>.0 end node </s>.135
INFO: ps_lattice.c(1382): Bestpath score: -13578
INFO: ps_lattice.c(1383): Normalizer P(O) = alpha(</s>:135:135) = -688260
INFO: ps_lattice.c(1443): Joint P(O,S) = -695192 P(S|O) = -6932
INFO: pocketsphinx_batch.c(879): copalrickroll-01: 1.35 seconds speech, 0.01 seconds CPU, 0.01 seconds wall
INFO: pocketsphinx_batch.c(881): copalrickroll-01: 0.01 xRT (CPU), 0.01 xRT (elapsed)
copal rickroll (copalrickroll-01 -13578)
copalrickroll-01 done --------------------------------------
INFO: pocketsphinx_batch.c(897): TOTAL 16.29 seconds speech, 0.14 seconds CPU, 0.14 seconds wall
INFO: pocketsphinx_batch.c(899): AVERAGE 0.01 xRT (CPU), 0.01 xRT (elapsed)
INFO: fsg_search.c(267): TOTAL fsg 0.13 CPU 0.008 xRT
INFO: fsg_search.c(270): TOTAL fsg 0.13 wall 0.008 xRT
Sat Dec 28 20:38:54 2024
