        INFO: pocketsphinx.c(128): Parsed model-specific feature parameters from /home/laurent/src/copal/new-model/model_parameters/copal.ci_semi/feat.params
INFO: cmd_ln.c(569): Current configuration:
[NAME]            [DEFLT]               [VALUE]
-agc               none                  none
-agcthresh         2.0                   2.000000e+00
-allphone                            
-allphone_ci       yes                   yes
-alpha             0.97                  9.700000e-01
-ascale            20.0                  2.000000e+01
-aw                1                     1
-backtrace         no                    no
-beam              1e-48                 1.000000e-80
-bestpath          yes                   yes
-bestpathlw        9.5                   1.000000e+01
-ceplen            13                    13
-cmn               live                  batch
-cmninit           40,3,-1               40,3,-1
-compallsen        no                    no
-dict                                    /home/laurent/src/copal/new-model/etc/copal.dic
-dictcase          no                    no
-dither            no                    no
-doublebw          no                    no
-ds                1                     1
-fdict                                   /home/laurent/src/copal/new-model/model_parameters/copal.ci_semi/noisedict
-feat              1s_c_d_dd             s2_4x
-featparams                              /home/laurent/src/copal/new-model/model_parameters/copal.ci_semi/feat.params
-fillprob          1e-8                  1.000000e-08
-frate             100                   100
-fsg                                 
-fsgusealtpron     yes                   yes
-fsgusefiller      yes                   yes
-fwdflat           yes                   yes
-fwdflatbeam       1e-64                 1.000000e-80
-fwdflatefwid      4                     4
-fwdflatlw         8.5                   1.000000e+01
-fwdflatsfwin      25                    25
-fwdflatwbeam      7e-29                 1.000000e-40
-fwdtree           yes                   yes
-hmm                                     /home/laurent/src/copal/new-model/model_parameters/copal.ci_semi
-input_endian      little                little
-jsgf                                    /home/laurent/src/copal/new-model/etc/copal.jsgf
-keyphrase                           
-kws                                 
-kws_delay         10                    10
-kws_plp           1e-1                  1.000000e-01
-kws_threshold     1e-30                 1.000000e-30
-latsize           5000                  5000
-lda                                 
-ldadim            0                     0
-lifter            0                     22
-lm                                  
-lmctl                               
-lmname                              
-logbase           1.0001                1.000100e+00
-logfn                               
-loglevel          WARN                  INFO
-logspec           no                    no
-lowerf            133.33334             1.300000e+02
-lpbeam            1e-40                 1.000000e-80
-lponlybeam        7e-29                 1.000000e-80
-lw                6.5                   1.000000e+01
-maxhmmpf          30000                 30000
-maxwpf            -1                    -1
-mdef                                    /home/laurent/src/copal/new-model/model_parameters/copal.ci_semi/mdef
-mean                                    /home/laurent/src/copal/new-model/model_parameters/copal.ci_semi/means
-mfclogdir                           
-min_endfr         0                     0
-mixw                                    /home/laurent/src/copal/new-model/model_parameters/copal.ci_semi/mixture_weights
-mixwfloor         0.0000001             1.000000e-07
-mllr                                
-mmap              yes                   yes
-ncep              13                    13
-nfft              0                     0
-nfilt             40                    25
-nwpen             1.0                   1.000000e+00
-pbeam             1e-48                 1.000000e-80
-pip               1.0                   1.000000e+00
-pl_beam           1e-10                 1.000000e-10
-pl_pbeam          1e-10                 1.000000e-10
-pl_pip            1.0                   1.000000e+00
-pl_weight         3.0                   3.000000e+00
-pl_window         5                     5
-rawlogdir                           
-remove_dc         no                    no
-remove_noise      no                    no
-round_filters     yes                   yes
-samprate          16000                 16000
-seed              -1                    -1
-sendump                             
-senlogdir                           
-senmgau                             
-silprob           0.005                 5.000000e-03
-smoothspec        no                    no
-svspec                              
-tmat                                    /home/laurent/src/copal/new-model/model_parameters/copal.ci_semi/transition_matrices
-tmatfloor         0.0001                1.000000e-04
-topn              4                     4
-topn_beam         0                     0
-toprule                             
-transform         legacy                dct
-unit_area         yes                   yes
-upperf            6855.4976             6.800000e+03
-uw                1.0                   1.000000e+00
-var                                     /home/laurent/src/copal/new-model/model_parameters/copal.ci_semi/variances
-varfloor          0.0001                1.000000e-04
-varnorm           no                    yes
-verbose           no                    no
-warp_params                         
-warp_type         inverse_linear        inverse_linear
-wbeam             7e-29                 1.000000e-40
-wip               0.65                  2.000000e-01
-wlen              0.025625              2.562500e-02

INFO: fe_interface.c(91): Frames are 410 samples at intervals of 160
INFO: fe_interface.c(108): FFT size automatically set to 512
INFO: feat.c(713): Initializing feature stream to type: 's2_4x', ceplen=13, CMN='batch', VARNORM='yes', AGC='none'
INFO: acmod.c(188): Setting initial CMN to 40,3,-1
INFO: cmn.c(124): Update from < 0,0,0,0,0,0,0,0,0,0,0,0,0 >
INFO: cmn.c(144): Update to   < 40,3,-1,0,0,0,0,0,0,0,0,0,0 >
INFO: mdef.c(515): Reading model definition: /home/laurent/src/copal/new-model/model_parameters/copal.ci_semi/mdef
INFO: bin_mdef.c(179): Allocating 60 * 8 bytes (0 KiB) for CD tree
INFO: tmat.c(147): Reading HMM transition probability matrices: /home/laurent/src/copal/new-model/model_parameters/copal.ci_semi/transition_matrices
INFO: acmod.c(107): Attempting to use PTM computation module
INFO: ms_gauden.c(128): Reading mixture gaussian parameter: /home/laurent/src/copal/new-model/model_parameters/copal.ci_semi/means
INFO: ms_gauden.c(243): 1 codebook, 4 feature, size: 
INFO: ms_gauden.c(245):  256x12
INFO: ms_gauden.c(245):  256x24
INFO: ms_gauden.c(245):  256x3
INFO: ms_gauden.c(245):  256x12
INFO: ms_gauden.c(128): Reading mixture gaussian parameter: /home/laurent/src/copal/new-model/model_parameters/copal.ci_semi/variances
INFO: ms_gauden.c(243): 1 codebook, 4 feature, size: 
INFO: ms_gauden.c(245):  256x12
INFO: ms_gauden.c(245):  256x24
INFO: ms_gauden.c(245):  256x3
INFO: ms_gauden.c(245):  256x12
INFO: ms_gauden.c(305): 410 variance values floored
INFO: ptm_mgau.c(836): Number of codebooks doesn't match number of ciphones, doesn't look like PTM: 1 != 14
INFO: acmod.c(109): Attempting to use semi-continuous computation module
INFO: ms_gauden.c(128): Reading mixture gaussian parameter: /home/laurent/src/copal/new-model/model_parameters/copal.ci_semi/means
INFO: ms_gauden.c(243): 1 codebook, 4 feature, size: 
INFO: ms_gauden.c(245):  256x12
INFO: ms_gauden.c(245):  256x24
INFO: ms_gauden.c(245):  256x3
INFO: ms_gauden.c(245):  256x12
INFO: ms_gauden.c(128): Reading mixture gaussian parameter: /home/laurent/src/copal/new-model/model_parameters/copal.ci_semi/variances
INFO: ms_gauden.c(243): 1 codebook, 4 feature, size: 
INFO: ms_gauden.c(245):  256x12
INFO: ms_gauden.c(245):  256x24
INFO: ms_gauden.c(245):  256x3
INFO: ms_gauden.c(245):  256x12
INFO: ms_gauden.c(305): 410 variance values floored
INFO: s2_semi_mgau.c(1100): Reading mixture weights file '/home/laurent/src/copal/new-model/model_parameters/copal.ci_semi/mixture_weights'
INFO: s2_semi_mgau.c(1193): Read 42 x 4 x 256 mixture weights
INFO: s2_semi_mgau.c(1298): Maximum top-N: 4 Top-N beams: 0 0 0 0
INFO: phone_loop_search.c(113): State beam -225 Phone exit beam -225 Insertion penalty 0
INFO: dict.c(316): Allocating 4105 * 32 bytes (128 KiB) for word entries
INFO: dict.c(331): Reading main dictionary: /home/laurent/src/copal/new-model/etc/copal.dic
INFO: dict.c(209): Dictionary size 6, allocated 0 KiB for strings, 0 KiB for phones
INFO: dict.c(334): 6 words read
INFO: dict.c(356): Reading filler dictionary: /home/laurent/src/copal/new-model/model_parameters/copal.ci_semi/noisedict
INFO: dict.c(209): Dictionary size 9, allocated 0 KiB for strings, 0 KiB for phones
INFO: dict.c(359): 3 words read
INFO: dict2pid.c(399): Building PID tables for dictionary
INFO: dict2pid.c(407): Allocating 14^3 * 2 bytes (5 KiB) for word-initial triphones
INFO: dict2pid.c(134): Allocated 4816 bytes (4 KiB) for word-final triphones
INFO: dict2pid.c(198): Allocated 4816 bytes (4 KiB) for single-phone word triphones
INFO: jsgf.c(646): Defined rule: <copal.request>
INFO: jsgf.c(646): Defined rule: <copal.g00001>
INFO: jsgf.c(646): Defined rule: <copal.object>
INFO: jsgf.c(646): Defined rule: PUBLIC <copal.command>
INFO: fsg_model.c(190): Computing transitive closure for null transitions
INFO: fsg_model.c(252): 14 null transitions added
INFO: fsg_search.c(222): FSG(beam: -1799, pbeam: -1799, wbeam: -900; wip: -158, pip: 0)
INFO: fsg_model.c(405): Adding silence transitions for <sil> to FSG
INFO: fsg_model.c(425): Added 14 silence word transitions
INFO: fsg_search.c(170): Added 0 alternate word transitions
INFO: fsg_lextree.c(105): Allocated 420 bytes (0 KiB) for left and right context phones
INFO: fsg_lextree.c(252): 42 HMM nodes in lextree (20 leaves)
INFO: fsg_lextree.c(254): Allocated 6048 bytes (5 KiB) for all lextree nodes
INFO: fsg_lextree.c(257): Allocated 2880 bytes (2 KiB) for lextree leafnodes
INFO: pocketsphinx_batch.c(836): Decoding 'copalplay-02'
INFO: cmn.c(200): CMN: 61.5131,11.2321,-18.9009,14.4999,-23.7374,-5.26371,4.44657,-19.1673,6.79557,-18.9448,22.2669,3.81392,-18.7209
INFO: fsg_search.c(857): 130 frames, 761 HMMs (5/fr), 1593 senones (12/fr), 271 history entries (2/fr)

INFO: fsg_search.c(872): fsg 0.01 CPU 0.008 xRT
INFO: fsg_search.c(874): fsg 0.01 wall 0.008 xRT
INFO: fsg_search.c(1265): Start node candidate <sil>.0:2:10
INFO: fsg_search.c(1265): Start node candidate <sil>.0:2:10
INFO: fsg_search.c(1304): End node candidate <sil>.127:129:129 (-1082)
INFO: fsg_search.c(1304): End node candidate <sil>.127:129:129 (-1082)
INFO: fsg_search.c(1304): End node candidate <sil>.127:129:129 (-1082)
INFO: fsg_search.c(1304): End node candidate <sil>.127:129:129 (-1082)
INFO: fsg_search.c(1304): End node candidate play.84:99:129 (-3162)
INFO: fsg_search.c(1529): lattice start node <s>.0 end node </s>.130
INFO: ps_lattice.c(1382): Bestpath score: -13344
INFO: ps_lattice.c(1383): Normalizer P(O) = alpha(</s>:130:130) = -676279
INFO: ps_lattice.c(1443): Joint P(O,S) = -683211 P(S|O) = -6932
INFO: pocketsphinx_batch.c(879): copalplay-02: 1.30 seconds speech, 0.01 seconds CPU, 0.01 seconds wall
INFO: pocketsphinx_batch.c(881): copalplay-02: 0.01 xRT (CPU), 0.01 xRT (elapsed)
copal play (copalplay-02 -13344)
copalplay-02 done --------------------------------------
INFO: pocketsphinx_batch.c(836): Decoding 'copalplay-03'
INFO: cmn.c(200): CMN: 61.1384,12.215,-19.1204,11.7811,-24.1148,-2.77249,2.62191,-17.1293,5.54668,-20.4641,25.3773,1.84313,-15.2626
INFO: fsg_search.c(857): 137 frames, 782 HMMs (5/fr), 1650 senones (12/fr), 297 history entries (2/fr)

INFO: fsg_search.c(872): fsg 0.01 CPU 0.008 xRT
INFO: fsg_search.c(874): fsg 0.01 wall 0.008 xRT
INFO: fsg_search.c(1265): Start node candidate <sil>.0:2:14
INFO: fsg_search.c(1265): Start node candidate <sil>.0:2:14
INFO: fsg_search.c(1304): End node candidate <sil>.133:135:136 (-1068)
INFO: fsg_search.c(1304): End node candidate <sil>.133:135:136 (-1068)
INFO: fsg_search.c(1304): End node candidate <sil>.133:135:136 (-1068)
INFO: fsg_search.c(1304): End node candidate <sil>.133:135:136 (-1068)
INFO: fsg_search.c(1304): End node candidate play.90:107:136 (-3365)
INFO: fsg_search.c(1529): lattice start node <s>.0 end node </s>.137
INFO: ps_lattice.c(1382): Bestpath score: -14967
INFO: ps_lattice.c(1383): Normalizer P(O) = alpha(</s>:137:137) = -759377
INFO: ps_lattice.c(1443): Joint P(O,S) = -766309 P(S|O) = -6932
INFO: pocketsphinx_batch.c(879): copalplay-03: 1.37 seconds speech, 0.01 seconds CPU, 0.01 seconds wall
INFO: pocketsphinx_batch.c(881): copalplay-03: 0.01 xRT (CPU), 0.01 xRT (elapsed)
copal play (copalplay-03 -14967)
copalplay-03 done --------------------------------------
INFO: pocketsphinx_batch.c(836): Decoding 'copalplay-04'
INFO: cmn.c(200): CMN: 61.9265,11.1864,-18.2442,15.8371,-22.2716,-0.541073,5.18642,-17.8031,7.7307,-23.8721,20.5583,-0.67895,-19.6117
INFO: fsg_search.c(857): 134 frames, 780 HMMs (5/fr), 1599 senones (11/fr), 309 history entries (2/fr)

INFO: fsg_search.c(872): fsg 0.01 CPU 0.008 xRT
INFO: fsg_search.c(874): fsg 0.01 wall 0.008 xRT
INFO: fsg_search.c(1265): Start node candidate <sil>.0:2:15
INFO: fsg_search.c(1265): Start node candidate <sil>.0:2:15
INFO: fsg_search.c(1304): End node candidate <sil>.131:133:133 (-1042)
INFO: fsg_search.c(1304): End node candidate <sil>.131:133:133 (-1042)
INFO: fsg_search.c(1304): End node candidate <sil>.131:133:133 (-1042)
INFO: fsg_search.c(1304): End node candidate <sil>.131:133:133 (-1042)
INFO: fsg_search.c(1304): End node candidate play.85:98:133 (-2863)
INFO: fsg_search.c(1529): lattice start node <s>.0 end node </s>.134
INFO: ps_lattice.c(1382): Bestpath score: -12951
INFO: ps_lattice.c(1383): Normalizer P(O) = alpha(</s>:134:134) = -656157
INFO: ps_lattice.c(1443): Joint P(O,S) = -663089 P(S|O) = -6932
INFO: pocketsphinx_batch.c(879): copalplay-04: 1.34 seconds speech, 0.01 seconds CPU, 0.01 seconds wall
INFO: pocketsphinx_batch.c(881): copalplay-04: 0.01 xRT (CPU), 0.01 xRT (elapsed)
copal play (copalplay-04 -12951)
copalplay-04 done --------------------------------------
INFO: pocketsphinx_batch.c(836): Decoding 'copalplay-05'
INFO: cmn.c(200): CMN: 61.2792,10.525,-16.7393,16.5947,-25.1963,-1.08473,-0.445028,-19.3571,11.0931,-23.1621,23.5094,2.82681,-16.4063
INFO: fsg_search.c(857): 133 frames, 743 HMMs (5/fr), 1524 senones (11/fr), 327 history entries (2/fr)

INFO: fsg_search.c(872): fsg 0.01 CPU 0.008 xRT
INFO: fsg_search.c(874): fsg 0.01 wall 0.008 xRT
INFO: fsg_search.c(1265): Start node candidate <sil>.0:2:13
INFO: fsg_search.c(1265): Start node candidate <sil>.0:2:13
INFO: fsg_search.c(1304): End node candidate <sil>.127:129:132 (-1037)
INFO: fsg_search.c(1304): End node candidate <sil>.127:129:132 (-1037)
INFO: fsg_search.c(1304): End node candidate <sil>.127:129:132 (-1037)
INFO: fsg_search.c(1304): End node candidate <sil>.127:129:132 (-1037)
INFO: fsg_search.c(1304): End node candidate play.82:97:132 (-3011)
INFO: fsg_search.c(1529): lattice start node <s>.0 end node </s>.133
INFO: ps_lattice.c(1382): Bestpath score: -12798
INFO: ps_lattice.c(1383): Normalizer P(O) = alpha(</s>:133:133) = -648324
INFO: ps_lattice.c(1443): Joint P(O,S) = -655256 P(S|O) = -6932
INFO: pocketsphinx_batch.c(879): copalplay-05: 1.33 seconds speech, 0.01 seconds CPU, 0.01 seconds wall
INFO: pocketsphinx_batch.c(881): copalplay-05: 0.01 xRT (CPU), 0.01 xRT (elapsed)
copal play (copalplay-05 -12798)
copalplay-05 done --------------------------------------
INFO: pocketsphinx_batch.c(836): Decoding 'copalplay-06'
INFO: cmn.c(200): CMN: 63.4608,10.6254,-19.6437,18.3187,-26.7488,-0.982969,0.574551,-19.7036,9.02719,-25.5772,25.0349,-0.362501,-16.5218
INFO: fsg_search.c(857): 131 frames, 720 HMMs (5/fr), 1494 senones (11/fr), 291 history entries (2/fr)

INFO: fsg_search.c(872): fsg 0.01 CPU 0.008 xRT
INFO: fsg_search.c(874): fsg 0.01 wall 0.008 xRT
INFO: fsg_search.c(1265): Start node candidate <sil>.0:2:11
INFO: fsg_search.c(1265): Start node candidate <sil>.0:2:11
INFO: fsg_search.c(1304): End node candidate <sil>.125:127:130 (-1079)
INFO: fsg_search.c(1304): End node candidate <sil>.125:127:130 (-1079)
INFO: fsg_search.c(1304): End node candidate <sil>.125:127:130 (-1079)
INFO: fsg_search.c(1304): End node candidate <sil>.125:127:130 (-1079)
INFO: fsg_search.c(1304): End node candidate play.81:98:130 (-3136)
INFO: fsg_search.c(1529): lattice start node <s>.0 end node </s>.131
INFO: ps_lattice.c(1382): Bestpath score: -12999
INFO: ps_lattice.c(1383): Normalizer P(O) = alpha(</s>:131:131) = -658615
INFO: ps_lattice.c(1443): Joint P(O,S) = -665547 P(S|O) = -6932
INFO: pocketsphinx_batch.c(879): copalplay-06: 1.31 seconds speech, 0.01 seconds CPU, 0.01 seconds wall
INFO: pocketsphinx_batch.c(881): copalplay-06: 0.01 xRT (CPU), 0.01 xRT (elapsed)
copal play (copalplay-06 -12999)
copalplay-06 done --------------------------------------
INFO: pocketsphinx_batch.c(836): Decoding 'copalplay-07'
INFO: cmn.c(200): CMN: 64.3687,11.691,-20.656,17.772,-26.6781,-4.05467,2.09386,-19.1092,9.08185,-23.3409,21.9087,1.34713,-18.5768
INFO: fsg_search.c(857): 127 frames, 693 HMMs (5/fr), 1434 senones (11/fr), 278 history entries (2/fr)

INFO: fsg_search.c(872): fsg 0.01 CPU 0.008 xRT
INFO: fsg_search.c(874): fsg 0.01 wall 0.008 xRT
INFO: fsg_search.c(1265): Start node candidate <sil>.0:2:9
INFO: fsg_search.c(1265): Start node candidate <sil>.0:2:9
INFO: fsg_search.c(1304): End node candidate <sil>.122:124:126 (-1045)
INFO: fsg_search.c(1304): End node candidate <sil>.122:124:126 (-1045)
INFO: fsg_search.c(1304): End node candidate <sil>.122:124:126 (-1045)
INFO: fsg_search.c(1304): End node candidate <sil>.122:124:126 (-1045)
INFO: fsg_search.c(1304): End node candidate play.79:91:126 (-2738)
INFO: fsg_search.c(1529): lattice start node <s>.0 end node </s>.127
INFO: ps_lattice.c(1382): Bestpath score: -12372
INFO: ps_lattice.c(1383): Normalizer P(O) = alpha(</s>:127:127) = -626512
INFO: ps_lattice.c(1443): Joint P(O,S) = -633444 P(S|O) = -6932
INFO: pocketsphinx_batch.c(879): copalplay-07: 1.27 seconds speech, 0.01 seconds CPU, 0.01 seconds wall
INFO: pocketsphinx_batch.c(881): copalplay-07: 0.01 xRT (CPU), 0.01 xRT (elapsed)
copal play (copalplay-07 -12372)
copalplay-07 done --------------------------------------
INFO: pocketsphinx_batch.c(836): Decoding 'copalplay-08'
INFO: cmn.c(200): CMN: 63.7606,12.0455,-19.6873,16.3049,-26.7541,-1.03056,1.92574,-18.0958,12.2976,-21.4677,23.522,-0.42098,-17.0532
INFO: fsg_search.c(857): 128 frames, 684 HMMs (5/fr), 1452 senones (11/fr), 253 history entries (1/fr)

INFO: fsg_search.c(872): fsg 0.01 CPU 0.008 xRT
INFO: fsg_search.c(874): fsg 0.01 wall 0.008 xRT
INFO: fsg_search.c(1265): Start node candidate <sil>.0:2:12
INFO: fsg_search.c(1265): Start node candidate <sil>.0:2:12
INFO: fsg_search.c(1304): End node candidate <sil>.125:127:127 (-1052)
INFO: fsg_search.c(1304): End node candidate <sil>.125:127:127 (-1052)
INFO: fsg_search.c(1304): End node candidate <sil>.125:127:127 (-1052)
INFO: fsg_search.c(1304): End node candidate <sil>.125:127:127 (-1052)
INFO: fsg_search.c(1304): End node candidate play.82:99:127 (-3102)
INFO: fsg_search.c(1529): lattice start node <s>.0 end node </s>.128
INFO: ps_lattice.c(1382): Bestpath score: -13269
INFO: ps_lattice.c(1383): Normalizer P(O) = alpha(</s>:128:128) = -672439
INFO: ps_lattice.c(1443): Joint P(O,S) = -679371 P(S|O) = -6932
INFO: pocketsphinx_batch.c(879): copalplay-08: 1.28 seconds speech, 0.01 seconds CPU, 0.01 seconds wall
INFO: pocketsphinx_batch.c(881): copalplay-08: 0.01 xRT (CPU), 0.01 xRT (elapsed)
copal play (copalplay-08 -13269)
copalplay-08 done --------------------------------------
INFO: pocketsphinx_batch.c(836): Decoding 'copalplay-09'
INFO: cmn.c(200): CMN: 61.6992,12.2934,-18.1172,14.923,-25.4446,-0.467561,2.67123,-18.0446,8.00551,-20.0706,19.6395,0.859743,-14.9153
INFO: fsg_search.c(857): 128 frames, 743 HMMs (5/fr), 1536 senones (12/fr), 290 history entries (2/fr)

INFO: fsg_search.c(872): fsg 0.01 CPU 0.008 xRT
INFO: fsg_search.c(874): fsg 0.01 wall 0.008 xRT
INFO: fsg_search.c(1265): Start node candidate <sil>.0:2:14
INFO: fsg_search.c(1265): Start node candidate <sil>.0:2:14
INFO: fsg_search.c(1304): End node candidate <sil>.124:126:127 (-1056)
INFO: fsg_search.c(1304): End node candidate <sil>.124:126:127 (-1056)
INFO: fsg_search.c(1304): End node candidate <sil>.124:126:127 (-1056)
INFO: fsg_search.c(1304): End node candidate <sil>.124:126:127 (-1056)
INFO: fsg_search.c(1304): End node candidate play.82:95:127 (-2909)
INFO: fsg_search.c(1529): lattice start node <s>.0 end node </s>.128
INFO: ps_lattice.c(1382): Bestpath score: -12483
INFO: ps_lattice.c(1383): Normalizer P(O) = alpha(</s>:128:128) = -632195
INFO: ps_lattice.c(1443): Joint P(O,S) = -639127 P(S|O) = -6932
INFO: pocketsphinx_batch.c(879): copalplay-09: 1.28 seconds speech, 0.01 seconds CPU, 0.01 seconds wall
INFO: pocketsphinx_batch.c(881): copalplay-09: 0.01 xRT (CPU), 0.01 xRT (elapsed)
copal play (copalplay-09 -12483)
copalplay-09 done --------------------------------------
INFO: pocketsphinx_batch.c(836): Decoding 'copalplay-10'
INFO: cmn.c(200): CMN: 62.7739,13.807,-19.8375,12.7375,-24.9804,0.760209,1.11922,-16.484,9.71136,-22.3954,20.7788,0.115241,-17.3165
INFO: fsg_search.c(857): 127 frames, 705 HMMs (5/fr), 1467 senones (11/fr), 283 history entries (2/fr)

INFO: fsg_search.c(872): fsg 0.01 CPU 0.008 xRT
INFO: fsg_search.c(874): fsg 0.01 wall 0.008 xRT
INFO: fsg_search.c(1265): Start node candidate <sil>.0:2:12
INFO: fsg_search.c(1265): Start node candidate <sil>.0:2:12
INFO: fsg_search.c(1304): End node candidate <sil>.123:125:126 (-1041)
INFO: fsg_search.c(1304): End node candidate <sil>.123:125:126 (-1041)
INFO: fsg_search.c(1304): End node candidate <sil>.123:125:126 (-1041)
INFO: fsg_search.c(1304): End node candidate <sil>.123:125:126 (-1041)
INFO: fsg_search.c(1304): End node candidate play.81:94:126 (-2688)
INFO: fsg_search.c(1529): lattice start node <s>.0 end node </s>.127
INFO: ps_lattice.c(1382): Bestpath score: -12197
INFO: ps_lattice.c(1383): Normalizer P(O) = alpha(</s>:127:127) = -617552
INFO: ps_lattice.c(1443): Joint P(O,S) = -624484 P(S|O) = -6932
INFO: pocketsphinx_batch.c(879): copalplay-10: 1.27 seconds speech, 0.01 seconds CPU, 0.01 seconds wall
INFO: pocketsphinx_batch.c(881): copalplay-10: 0.01 xRT (CPU), 0.01 xRT (elapsed)
copal play (copalplay-10 -12197)
copalplay-10 done --------------------------------------
INFO: pocketsphinx_batch.c(836): Decoding 'copalplay-11'
INFO: cmn.c(200): CMN: 61.6075,12.3636,-19.6795,14.7954,-23.1751,-0.0264391,3.03539,-17.8944,5.36904,-18.1968,22.4809,1.7124,-19.7292
INFO: fsg_search.c(857): 133 frames, 780 HMMs (5/fr), 1617 senones (12/fr), 317 history entries (2/fr)

INFO: fsg_search.c(872): fsg 0.01 CPU 0.008 xRT
INFO: fsg_search.c(874): fsg 0.01 wall 0.008 xRT
INFO: fsg_search.c(1265): Start node candidate <sil>.0:2:13
INFO: fsg_search.c(1265): Start node candidate <sil>.0:2:13
INFO: fsg_search.c(1304): End node candidate <sil>.127:129:132 (-1029)
INFO: fsg_search.c(1304): End node candidate <sil>.127:129:132 (-1029)
INFO: fsg_search.c(1304): End node candidate <sil>.127:129:132 (-1029)
INFO: fsg_search.c(1304): End node candidate <sil>.127:129:132 (-1029)
INFO: fsg_search.c(1304): End node candidate play.84:98:132 (-2869)
INFO: fsg_search.c(1529): lattice start node <s>.0 end node </s>.133
INFO: ps_lattice.c(1382): Bestpath score: -13435
INFO: ps_lattice.c(1383): Normalizer P(O) = alpha(</s>:133:133) = -680938
INFO: ps_lattice.c(1443): Joint P(O,S) = -687870 P(S|O) = -6932
INFO: pocketsphinx_batch.c(879): copalplay-11: 1.33 seconds speech, 0.01 seconds CPU, 0.01 seconds wall
INFO: pocketsphinx_batch.c(881): copalplay-11: 0.01 xRT (CPU), 0.01 xRT (elapsed)
copal play (copalplay-11 -13435)
copalplay-11 done --------------------------------------
INFO: pocketsphinx_batch.c(836): Decoding 'copalplay-12'
INFO: cmn.c(200): CMN: 61.7354,14.5281,-21.6235,20.5242,-26.2915,-6.38338,-3.02415,-12.8438,5.98893,-22.284,9.74979,2.52849,-5.1156
INFO: fsg_search.c(857): 124 frames, 786 HMMs (6/fr), 1596 senones (12/fr), 335 history entries (2/fr)

INFO: fsg_search.c(872): fsg 0.01 CPU 0.008 xRT
INFO: fsg_search.c(874): fsg 0.01 wall 0.008 xRT
INFO: fsg_search.c(1265): Start node candidate <sil>.0:2:11
INFO: fsg_search.c(1265): Start node candidate <sil>.0:2:11
INFO: fsg_search.c(1304): End node candidate <sil>.121:123:123 (-1267)
INFO: fsg_search.c(1304): End node candidate <sil>.121:123:123 (-1267)
INFO: fsg_search.c(1304): End node candidate <sil>.121:123:123 (-1267)
INFO: fsg_search.c(1304): End node candidate <sil>.121:123:123 (-1267)
INFO: fsg_search.c(1304): End node candidate play.79:90:123 (-3213)
INFO: fsg_search.c(1529): lattice start node <s>.0 end node </s>.124
INFO: ps_lattice.c(1382): Bestpath score: -14556
INFO: ps_lattice.c(1383): Normalizer P(O) = alpha(</s>:124:124) = -738333
INFO: ps_lattice.c(1443): Joint P(O,S) = -745265 P(S|O) = -6932
INFO: pocketsphinx_batch.c(879): copalplay-12: 1.24 seconds speech, 0.01 seconds CPU, 0.01 seconds wall
INFO: pocketsphinx_batch.c(881): copalplay-12: 0.01 xRT (CPU), 0.01 xRT (elapsed)
copal play (copalplay-12 -14556)
copalplay-12 done --------------------------------------
INFO: pocketsphinx_batch.c(836): Decoding 'copalzelda-01'
INFO: cmn.c(200): CMN: 59.073,15.6843,-11.0026,10.9773,-24.0154,-5.42573,9.58519,-17.8425,3.46699,-11.6838,15.4661,0.331909,-15.0787
INFO: fsg_search.c(857): 142 frames, 601 HMMs (4/fr), 1446 senones (10/fr), 222 history entries (1/fr)

INFO: fsg_search.c(872): fsg 0.01 CPU 0.008 xRT
INFO: fsg_search.c(874): fsg 0.01 wall 0.008 xRT
INFO: fsg_search.c(1265): Start node candidate <sil>.0:2:13
INFO: fsg_search.c(1265): Start node candidate <sil>.0:2:13
INFO: fsg_search.c(1304): End node candidate <sil>.128:130:141 (-1259)
INFO: fsg_search.c(1304): End node candidate <sil>.128:130:141 (-1259)
INFO: fsg_search.c(1304): End node candidate <sil>.128:130:141 (-1259)
INFO: fsg_search.c(1304): End node candidate <sil>.128:130:141 (-1259)
INFO: fsg_search.c(1529): lattice start node <s>.0 end node </s>.142
INFO: ps_lattice.c(1382): Bestpath score: -17686
INFO: ps_lattice.c(1383): Normalizer P(O) = alpha(</s>:142:142) = -884724
INFO: ps_lattice.c(1443): Joint P(O,S) = -905520 P(S|O) = -20796
INFO: pocketsphinx_batch.c(879): copalzelda-01: 1.42 seconds speech, 0.01 seconds CPU, 0.01 seconds wall
INFO: pocketsphinx_batch.c(881): copalzelda-01: 0.01 xRT (CPU), 0.01 xRT (elapsed)
copal zelda (copalzelda-01 -17686)
copalzelda-01 done --------------------------------------
INFO: pocketsphinx_batch.c(897): TOTAL 15.74 seconds speech, 0.13 seconds CPU, 0.13 seconds wall
INFO: pocketsphinx_batch.c(899): AVERAGE 0.01 xRT (CPU), 0.01 xRT (elapsed)
INFO: fsg_search.c(267): TOTAL fsg 0.13 CPU 0.008 xRT
INFO: fsg_search.c(270): TOTAL fsg 0.13 wall 0.008 xRT
Sat Dec 28 20:38:54 2024
